This file contains any messages produced by compilers while
running configure, to aid debugging if configure makes a mistake.

It was created by nettle configure 3.5.1, which was
generated by GNU Autoconf 2.69.  Invocation command line was

  $ ./configure --host=arm-linux --build= prefix=/home/id/asuswrt-merlin-tenda/release/src-rt-6.x.4708/router/nettle --enable-mini-gmp --disable-documentation --disable-shared --disable-openssl

## --------- ##
## Platform. ##
## --------- ##

hostname = VM_Centos9
uname -m = x86_64
uname -r = 4.18.0-147.el8.x86_64
uname -s = Linux
uname -v = #1 SMP Wed Dec 4 21:51:45 UTC 2019

/usr/bin/uname -p = x86_64
/bin/uname -X     = unknown

/bin/arch              = x86_64
/usr/bin/arch -k       = unknown
/usr/convex/getsysinfo = unknown
/usr/bin/hostinfo      = unknown
/bin/machine           = unknown
/usr/bin/oslevel       = unknown
/bin/universe          = unknown

PATH: /home/id/asuswrt-merlin-tenda/release/tools
PATH: /home/id/asuswrt-merlin-tenda/release/src-rt-6.x.4708/ctools
PATH: /home/id/asuswrt-merlin-tenda/release/tools
PATH: /home/id/asuswrt-merlin-tenda/release/src-rt-6.x.4708/ctools
PATH: /home/id/asuswrt-merlin-tenda/release/tools
PATH: /home/id/asuswrt-merlin-tenda/release/src-rt-6.x.4708/ctools
PATH: /home/id/.local/bin
PATH: /home/id/bin
PATH: /home/id/.local/bin
PATH: /home/id/bin
PATH: /usr/share/Modules/bin
PATH: /usr/local/bin
PATH: /usr/bin
PATH: /usr/local/sbin
PATH: /usr/sbin
PATH: /projects/hnd/tools/linux/hndtools-arm-linux-2.6.36-uclibc-4.5.3/bin
PATH: /opt/brcm/hndtools-mipsel-linux/bin
PATH: /opt/brcm/hndtools-mipsel-uclibc/bin
PATH: /opt/brcm-arm/bin
PATH: /opt/tools


## ----------- ##
## Core tests. ##
## ----------- ##

configure:2555: checking build system type
configure:2569: result: x86_64-pc-linux-uclibc
configure:2589: checking host system type
configure:2602: result: arm-unknown-linux-gnu
configure:2764: checking for -R flag
configure:2786: result: using -Wl,-rpath,
configure:2793: result: Searching for libraries
configure:2800: checking /home/id/asuswrt-merlin-tenda/release/src-rt-6.x.4708/router/nettle/lib
configure:2827: result: not found
configure:2800: checking /usr/local/lib
configure:2818: result: added
configure:2800: checking /sw/local/lib
configure:2827: result: not found
configure:2800: checking /sw/lib
configure:2827: result: not found
configure:2800: checking /usr/gnu/lib
configure:2827: result: not found
configure:2800: checking /opt/gnu/lib
configure:2827: result: not found
configure:2800: checking /sw/gnu/lib
configure:2827: result: not found
configure:2800: checking /usr/freeware/lib
configure:2827: result: not found
configure:2800: checking /usr/pkg/lib
configure:2827: result: not found
configure:2843: checking for arm-linux-gcc
configure:2870: result: arm-brcm-linux-uclibcgnueabi-gcc
configure:3139: checking for C compiler version
configure:3148: arm-brcm-linux-uclibcgnueabi-gcc --version >&5
arm-brcm-linux-uclibcgnueabi-gcc (Buildroot 2012.02) 4.5.3
Copyright (C) 2010 Free Software Foundation, Inc.
This is free software; see the source for copying conditions.  There is NO
warranty; not even for MERCHANTABILITY or FITNESS FOR A PARTICULAR PURPOSE.

configure:3159: $? = 0
configure:3148: arm-brcm-linux-uclibcgnueabi-gcc -v >&5
Using built-in specs.
COLLECT_GCC=arm-brcm-linux-uclibcgnueabi-gcc
COLLECT_LTO_WRAPPER=/home/id/asuswrt-merlin/release/src-rt-6.x.4708/toolchains/hndtools-arm-linux-2.6.36-uclibc-4.5.3/bin/../libexec/gcc/arm-brcm-linux-uclibcgnueabi/4.5.3/lto-wrapper
Target: arm-brcm-linux-uclibcgnueabi
Configured with: /projects/toolchains_build/buildroot-2012.02-brcm/output/toolchain/gcc-4.5.3/configure --prefix=/projects/hnd/tools/linux/hndtools-arm-linux-2.6.36-uclibc-4.5.3 --build=i686-pc-linux-gnu --host=i686-pc-linux-gnu --target=arm-brcm-linux-uclibcgnueabi --enable-languages=c,c++ --with-sysroot=/projects/hnd/tools/linux/hndtools-arm-linux-2.6.36-uclibc-4.5.3/arm-brcm-linux-uclibcgnueabi/sysroot --with-build-time-tools=/projects/hnd/tools/linux/hndtools-arm-linux-2.6.36-uclibc-4.5.3/arm-brcm-linux-uclibcgnueabi/bin --disable-__cxa_atexit --enable-target-optspace --disable-libgomp --with-gnu-ld --disable-libssp --disable-multilib --disable-tls --enable-shared --with-gmp=/projects/hnd/tools/linux/hndtools-arm-linux-2.6.36-uclibc-4.5.3 --with-mpfr=/projects/hnd/tools/linux/hndtools-arm-linux-2.6.36-uclibc-4.5.3 --with-mpc=/projects/hnd/tools/linux/hndtools-arm-linux-2.6.36-uclibc-4.5.3 --enable-threads --disable-decimal-float --with-float=soft --with-abi=aapcs-linux --with-arch=armv7-a --with-tune=cortex-a9 --with-pkgversion='Buildroot 2012.02' --with-bugurl=http://bugs.buildroot.net/
Thread model: posix
gcc version 4.5.3 (Buildroot 2012.02) 
configure:3159: $? = 0
configure:3148: arm-brcm-linux-uclibcgnueabi-gcc -V >&5
arm-brcm-linux-uclibcgnueabi-gcc: '-V' option must have argument
configure:3159: $? = 1
configure:3148: arm-brcm-linux-uclibcgnueabi-gcc -qversion >&5
arm-brcm-linux-uclibcgnueabi-gcc: unrecognized option '-qversion'
arm-brcm-linux-uclibcgnueabi-gcc: no input files
configure:3159: $? = 1
configure:3179: checking whether the C compiler works
configure:3201: arm-brcm-linux-uclibcgnueabi-gcc -O2 -Wall -DLINUX26 -DCONFIG_BCMWL5 -DDEBUG_NOISY -DDEBUG_RCTEST -pipe -DBCMWPA2 -DBCMARM -fno-strict-aliasing -marm -DRTCONFIG_NVRAM_64K -DLINUX_KERNEL_VERSION=132644  -fPIC -ffunction-sections -fdata-sections -I/home/id/asuswrt-merlin-tenda/release/src-rt-6.x.4708/router/gmp -L/home/id/asuswrt-merlin-tenda/release/src-rt-6.x.4708/router/gmp/.libs -ffunction-sections -fdata-sections -Wl,--gc-sections -fPIC conftest.c  >&5
configure:3205: $? = 0
configure:3253: result: yes
configure:3256: checking for C compiler default output file name
configure:3258: result: a.out
configure:3264: checking for suffix of executables
configure:3271: arm-brcm-linux-uclibcgnueabi-gcc -o conftest -O2 -Wall -DLINUX26 -DCONFIG_BCMWL5 -DDEBUG_NOISY -DDEBUG_RCTEST -pipe -DBCMWPA2 -DBCMARM -fno-strict-aliasing -marm -DRTCONFIG_NVRAM_64K -DLINUX_KERNEL_VERSION=132644  -fPIC -ffunction-sections -fdata-sections -I/home/id/asuswrt-merlin-tenda/release/src-rt-6.x.4708/router/gmp -L/home/id/asuswrt-merlin-tenda/release/src-rt-6.x.4708/router/gmp/.libs -ffunction-sections -fdata-sections -Wl,--gc-sections -fPIC conftest.c  >&5
configure:3275: $? = 0
configure:3297: result: 
configure:3319: checking whether we are cross compiling
configure:3327: arm-brcm-linux-uclibcgnueabi-gcc -o conftest -O2 -Wall -DLINUX26 -DCONFIG_BCMWL5 -DDEBUG_NOISY -DDEBUG_RCTEST -pipe -DBCMWPA2 -DBCMARM -fno-strict-aliasing -marm -DRTCONFIG_NVRAM_64K -DLINUX_KERNEL_VERSION=132644  -fPIC -ffunction-sections -fdata-sections -I/home/id/asuswrt-merlin-tenda/release/src-rt-6.x.4708/router/gmp -L/home/id/asuswrt-merlin-tenda/release/src-rt-6.x.4708/router/gmp/.libs -ffunction-sections -fdata-sections -Wl,--gc-sections -fPIC conftest.c  >&5
configure:3331: $? = 0
configure:3338: ./conftest
./configure: line 3340: ./conftest: cannot execute binary file: Exec format error
configure:3342: $? = 126
configure:3357: result: yes
configure:3362: checking for suffix of object files
configure:3384: arm-brcm-linux-uclibcgnueabi-gcc -c -O2 -Wall -DLINUX26 -DCONFIG_BCMWL5 -DDEBUG_NOISY -DDEBUG_RCTEST -pipe -DBCMWPA2 -DBCMARM -fno-strict-aliasing -marm -DRTCONFIG_NVRAM_64K -DLINUX_KERNEL_VERSION=132644  -fPIC -ffunction-sections -fdata-sections -I/home/id/asuswrt-merlin-tenda/release/src-rt-6.x.4708/router/gmp conftest.c >&5
configure:3388: $? = 0
configure:3409: result: o
configure:3413: checking whether we are using the GNU C compiler
configure:3432: arm-brcm-linux-uclibcgnueabi-gcc -c -O2 -Wall -DLINUX26 -DCONFIG_BCMWL5 -DDEBUG_NOISY -DDEBUG_RCTEST -pipe -DBCMWPA2 -DBCMARM -fno-strict-aliasing -marm -DRTCONFIG_NVRAM_64K -DLINUX_KERNEL_VERSION=132644  -fPIC -ffunction-sections -fdata-sections -I/home/id/asuswrt-merlin-tenda/release/src-rt-6.x.4708/router/gmp conftest.c >&5
configure:3432: $? = 0
configure:3441: result: yes
configure:3450: checking whether arm-brcm-linux-uclibcgnueabi-gcc accepts -g
configure:3470: arm-brcm-linux-uclibcgnueabi-gcc -c -g -I/home/id/asuswrt-merlin-tenda/release/src-rt-6.x.4708/router/gmp conftest.c >&5
configure:3470: $? = 0
configure:3511: result: yes
configure:3528: checking for arm-brcm-linux-uclibcgnueabi-gcc option to accept ISO C89
configure:3591: arm-brcm-linux-uclibcgnueabi-gcc  -c -O2 -Wall -DLINUX26 -DCONFIG_BCMWL5 -DDEBUG_NOISY -DDEBUG_RCTEST -pipe -DBCMWPA2 -DBCMARM -fno-strict-aliasing -marm -DRTCONFIG_NVRAM_64K -DLINUX_KERNEL_VERSION=132644  -fPIC -ffunction-sections -fdata-sections -I/home/id/asuswrt-merlin-tenda/release/src-rt-6.x.4708/router/gmp conftest.c >&5
configure:3591: $? = 0
configure:3604: result: none needed
configure:3627: checking for ifunc support
configure:3662: arm-brcm-linux-uclibcgnueabi-gcc -o conftest -O2 -Wall -DLINUX26 -DCONFIG_BCMWL5 -DDEBUG_NOISY -DDEBUG_RCTEST -pipe -DBCMWPA2 -DBCMARM -fno-strict-aliasing -marm -DRTCONFIG_NVRAM_64K -DLINUX_KERNEL_VERSION=132644  -fPIC -ffunction-sections -fdata-sections -I/home/id/asuswrt-merlin-tenda/release/src-rt-6.x.4708/router/gmp -L/home/id/asuswrt-merlin-tenda/release/src-rt-6.x.4708/router/gmp/.libs -ffunction-sections -fdata-sections -Wl,--gc-sections -fPIC conftest.c  >&5
conftest.c:24:1: warning: 'ifunc' attribute directive ignored
conftest.c:19:1: warning: 'foo_resolv' defined but not used
/tmp/cc8a25G3.o: In function `main':
conftest.c:(.text.main+0x4): undefined reference to `foo'
collect2: ld returned 1 exit status
configure:3662: $? = 1
configure: failed program was:
| /* confdefs.h */
| #define PACKAGE_NAME "nettle"
| #define PACKAGE_TARNAME "nettle"
| #define PACKAGE_VERSION "3.5.1"
| #define PACKAGE_STRING "nettle 3.5.1"
| #define PACKAGE_BUGREPORT "nettle-bugs@lists.lysator.liu.se"
| #define PACKAGE_URL ""
| /* end confdefs.h.  */
| 
| static int
| foo_imp(int x)
| {
|   return 1;
| }
| 
| typedef void void_func (void);
| 
| static void_func *
| foo_resolv(void)
| {
|   return (void_func *) foo_imp;
| }
| 
| int foo (int x) __attribute__ ((ifunc("foo_resolv")));
| 
| int
| main ()
| {
| 
|   return foo(0);
| 
| 
|   ;
|   return 0;
| }
configure:3670: result: no
configure:3808: checking for C++ compiler version
configure:3817: arm-brcm-linux-uclibcgnueabi-g++ --version >&5
arm-brcm-linux-uclibcgnueabi-g++ (Buildroot 2012.02) 4.5.3
Copyright (C) 2010 Free Software Foundation, Inc.
This is free software; see the source for copying conditions.  There is NO
warranty; not even for MERCHANTABILITY or FITNESS FOR A PARTICULAR PURPOSE.

configure:3828: $? = 0
configure:3817: arm-brcm-linux-uclibcgnueabi-g++ -v >&5
Using built-in specs.
COLLECT_GCC=arm-brcm-linux-uclibcgnueabi-g++
COLLECT_LTO_WRAPPER=/home/id/asuswrt-merlin/release/src-rt-6.x.4708/toolchains/hndtools-arm-linux-2.6.36-uclibc-4.5.3/bin/../libexec/gcc/arm-brcm-linux-uclibcgnueabi/4.5.3/lto-wrapper
Target: arm-brcm-linux-uclibcgnueabi
Configured with: /projects/toolchains_build/buildroot-2012.02-brcm/output/toolchain/gcc-4.5.3/configure --prefix=/projects/hnd/tools/linux/hndtools-arm-linux-2.6.36-uclibc-4.5.3 --build=i686-pc-linux-gnu --host=i686-pc-linux-gnu --target=arm-brcm-linux-uclibcgnueabi --enable-languages=c,c++ --with-sysroot=/projects/hnd/tools/linux/hndtools-arm-linux-2.6.36-uclibc-4.5.3/arm-brcm-linux-uclibcgnueabi/sysroot --with-build-time-tools=/projects/hnd/tools/linux/hndtools-arm-linux-2.6.36-uclibc-4.5.3/arm-brcm-linux-uclibcgnueabi/bin --disable-__cxa_atexit --enable-target-optspace --disable-libgomp --with-gnu-ld --disable-libssp --disable-multilib --disable-tls --enable-shared --with-gmp=/projects/hnd/tools/linux/hndtools-arm-linux-2.6.36-uclibc-4.5.3 --with-mpfr=/projects/hnd/tools/linux/hndtools-arm-linux-2.6.36-uclibc-4.5.3 --with-mpc=/projects/hnd/tools/linux/hndtools-arm-linux-2.6.36-uclibc-4.5.3 --enable-threads --disable-decimal-float --with-float=soft --with-abi=aapcs-linux --with-arch=armv7-a --with-tune=cortex-a9 --with-pkgversion='Buildroot 2012.02' --with-bugurl=http://bugs.buildroot.net/
Thread model: posix
gcc version 4.5.3 (Buildroot 2012.02) 
configure:3828: $? = 0
configure:3817: arm-brcm-linux-uclibcgnueabi-g++ -V >&5
arm-brcm-linux-uclibcgnueabi-g++: '-V' option must have argument
configure:3828: $? = 1
configure:3817: arm-brcm-linux-uclibcgnueabi-g++ -qversion >&5
arm-brcm-linux-uclibcgnueabi-g++: unrecognized option '-qversion'
arm-brcm-linux-uclibcgnueabi-g++: no input files
configure:3828: $? = 1
configure:3832: checking whether we are using the GNU C++ compiler
configure:3851: arm-brcm-linux-uclibcgnueabi-g++ -c  -I/home/id/asuswrt-merlin-tenda/release/src-rt-6.x.4708/router/gmp conftest.cpp >&5
configure:3851: $? = 0
configure:3860: result: yes
configure:3869: checking whether arm-brcm-linux-uclibcgnueabi-g++ accepts -g
configure:3889: arm-brcm-linux-uclibcgnueabi-g++ -c -g -I/home/id/asuswrt-merlin-tenda/release/src-rt-6.x.4708/router/gmp conftest.cpp >&5
configure:3889: $? = 0
configure:3930: result: yes
configure:3972: arm-brcm-linux-uclibcgnueabi-g++ -c -g -O2 -I/home/id/asuswrt-merlin-tenda/release/src-rt-6.x.4708/router/gmp conftest.cpp >&5
configure:3972: $? = 0
configure:3993: checking if LD -Wl,--version-script works
configure:4011: arm-brcm-linux-uclibcgnueabi-gcc -o conftest -O2 -Wall -DLINUX26 -DCONFIG_BCMWL5 -DDEBUG_NOISY -DDEBUG_RCTEST -pipe -DBCMWPA2 -DBCMARM -fno-strict-aliasing -marm -DRTCONFIG_NVRAM_64K -DLINUX_KERNEL_VERSION=132644  -fPIC -ffunction-sections -fdata-sections -I/home/id/asuswrt-merlin-tenda/release/src-rt-6.x.4708/router/gmp -L/home/id/asuswrt-merlin-tenda/release/src-rt-6.x.4708/router/gmp/.libs -ffunction-sections -fdata-sections -Wl,--gc-sections -fPIC -Wl,--version-script=conftest.map conftest.c  >&5
/home/id/asuswrt-merlin/release/src-rt-6.x.4708/toolchains/hndtools-arm-linux-2.6.36-uclibc-4.5.3/bin/../lib/gcc/arm-brcm-linux-uclibcgnueabi/4.5.3/../../../../arm-brcm-linux-uclibcgnueabi/bin/ld:conftest.map:2: syntax error in VERSION script
collect2: ld returned 1 exit status
configure:4011: $? = 1
configure: failed program was:
| /* confdefs.h */
| #define PACKAGE_NAME "nettle"
| #define PACKAGE_TARNAME "nettle"
| #define PACKAGE_VERSION "3.5.1"
| #define PACKAGE_STRING "nettle 3.5.1"
| #define PACKAGE_BUGREPORT "nettle-bugs@lists.lysator.liu.se"
| #define PACKAGE_URL ""
| /* end confdefs.h.  */
| 
| int
| main ()
| {
| 
|   ;
|   return 0;
| }
configure:4039: arm-brcm-linux-uclibcgnueabi-gcc -o conftest -O2 -Wall -DLINUX26 -DCONFIG_BCMWL5 -DDEBUG_NOISY -DDEBUG_RCTEST -pipe -DBCMWPA2 -DBCMARM -fno-strict-aliasing -marm -DRTCONFIG_NVRAM_64K -DLINUX_KERNEL_VERSION=132644  -fPIC -ffunction-sections -fdata-sections -I/home/id/asuswrt-merlin-tenda/release/src-rt-6.x.4708/router/gmp -L/home/id/asuswrt-merlin-tenda/release/src-rt-6.x.4708/router/gmp/.libs -ffunction-sections -fdata-sections -Wl,--gc-sections -fPIC -Wl,--version-script=conftest.map conftest.c  >&5
configure:4039: $? = 0
configure:4051: result: yes
configure:4062: checking whether make sets $(MAKE)
configure:4084: result: yes
configure:4096: checking for arm-linux-ranlib
configure:4123: result: arm-brcm-linux-uclibcgnueabi-ranlib
configure:4188: checking for arm-linux-nm
configure:4215: result: arm-brcm-linux-uclibcgnueabi-nm
configure:4281: checking for arm-linux-objdump
configure:4308: result: arm-brcm-linux-uclibcgnueabi-objdump
configure:4373: checking for arm-linux-ar
configure:4400: result: arm-brcm-linux-uclibcgnueabi-ar
configure:4481: checking for a BSD-compatible install
configure:4549: result: /usr/bin/install -c
configure:4563: checking for a thread-safe mkdir -p
configure:4602: result: /usr/bin/mkdir -p
configure:4606: checking whether ln -s works
configure:4610: result: yes
configure:4689: checking build system compiler gcc
configure:4702: gcc conftest.c
conftest.c: In function 'main':
conftest.c:4:3: warning: implicit declaration of function 'exit' [-Wimplicit-function-declaration]
   exit(0);
   ^~~~
conftest.c:4:3: warning: incompatible implicit declaration of built-in function 'exit'
conftest.c:4:3: note: include '<stdlib.h>' or provide a declaration of 'exit'
conftest.c:1:1:
+#include <stdlib.h>
 int
conftest.c:4:3:
   exit(0);
   ^~~~
configure:4705: $? = 0
configure:4712: result: yes
configure:4735: checking for build system executable suffix
configure:4752: gcc -O -g conftest.c -o conftest.exe
conftest.c: In function 'main':
conftest.c:4:3: warning: implicit declaration of function 'exit' [-Wimplicit-function-declaration]
   exit (0);
   ^~~~
conftest.c:4:3: warning: incompatible implicit declaration of built-in function 'exit'
conftest.c:4:3: note: include '<stdlib.h>' or provide a declaration of 'exit'
conftest.c:1:1:
+#include <stdlib.h>
 int
conftest.c:4:3:
   exit (0);
   ^~~~
configure:4755: $? = 0
./configure: line 4757: ./conftest: No such file or directory
configure:4752: gcc -O -g conftest.c -o conftest,ff8
conftest.c: In function 'main':
conftest.c:4:3: warning: implicit declaration of function 'exit' [-Wimplicit-function-declaration]
   exit (0);
   ^~~~
conftest.c:4:3: warning: incompatible implicit declaration of built-in function 'exit'
conftest.c:4:3: note: include '<stdlib.h>' or provide a declaration of 'exit'
conftest.c:1:1:
+#include <stdlib.h>
 int
conftest.c:4:3:
   exit (0);
   ^~~~
configure:4755: $? = 0
./configure: line 4757: ./conftest: No such file or directory
configure:4752: gcc -O -g conftest.c -o conftest
conftest.c: In function 'main':
conftest.c:4:3: warning: implicit declaration of function 'exit' [-Wimplicit-function-declaration]
   exit (0);
   ^~~~
conftest.c:4:3: warning: incompatible implicit declaration of built-in function 'exit'
conftest.c:4:3: note: include '<stdlib.h>' or provide a declaration of 'exit'
conftest.c:1:1:
+#include <stdlib.h>
 int
conftest.c:4:3:
   exit (0);
   ^~~~
configure:4755: $? = 0
configure:4770: result: 
configure:4831: checking for an ANSI C-conforming const
configure:4897: arm-brcm-linux-uclibcgnueabi-gcc -c -O2 -Wall -DLINUX26 -DCONFIG_BCMWL5 -DDEBUG_NOISY -DDEBUG_RCTEST -pipe -DBCMWPA2 -DBCMARM -fno-strict-aliasing -marm -DRTCONFIG_NVRAM_64K -DLINUX_KERNEL_VERSION=132644  -fPIC -ffunction-sections -fdata-sections -I/home/id/asuswrt-merlin-tenda/release/src-rt-6.x.4708/router/gmp conftest.c >&5
configure:4897: $? = 0
configure:4904: result: yes
configure:4912: checking for inline
configure:4928: arm-brcm-linux-uclibcgnueabi-gcc -c -O2 -Wall -DLINUX26 -DCONFIG_BCMWL5 -DDEBUG_NOISY -DDEBUG_RCTEST -pipe -DBCMWPA2 -DBCMARM -fno-strict-aliasing -marm -DRTCONFIG_NVRAM_64K -DLINUX_KERNEL_VERSION=132644  -fPIC -ffunction-sections -fdata-sections -I/home/id/asuswrt-merlin-tenda/release/src-rt-6.x.4708/router/gmp conftest.c >&5
configure:4928: $? = 0
configure:4936: result: inline
configure:4959: checking how to run the C preprocessor
configure:4990: arm-brcm-linux-uclibcgnueabi-gcc -E -I/home/id/asuswrt-merlin-tenda/release/src-rt-6.x.4708/router/gmp conftest.c
configure:4990: $? = 0
configure:5004: arm-brcm-linux-uclibcgnueabi-gcc -E -I/home/id/asuswrt-merlin-tenda/release/src-rt-6.x.4708/router/gmp conftest.c
conftest.c:9:28: fatal error: ac_nonexistent.h: No such file or directory
compilation terminated.
configure:5004: $? = 1
configure: failed program was:
| /* confdefs.h */
| #define PACKAGE_NAME "nettle"
| #define PACKAGE_TARNAME "nettle"
| #define PACKAGE_VERSION "3.5.1"
| #define PACKAGE_STRING "nettle 3.5.1"
| #define PACKAGE_BUGREPORT "nettle-bugs@lists.lysator.liu.se"
| #define PACKAGE_URL ""
| /* end confdefs.h.  */
| #include <ac_nonexistent.h>
configure:5029: result: arm-brcm-linux-uclibcgnueabi-gcc -E
configure:5049: arm-brcm-linux-uclibcgnueabi-gcc -E -I/home/id/asuswrt-merlin-tenda/release/src-rt-6.x.4708/router/gmp conftest.c
configure:5049: $? = 0
configure:5063: arm-brcm-linux-uclibcgnueabi-gcc -E -I/home/id/asuswrt-merlin-tenda/release/src-rt-6.x.4708/router/gmp conftest.c
conftest.c:9:28: fatal error: ac_nonexistent.h: No such file or directory
compilation terminated.
configure:5063: $? = 1
configure: failed program was:
| /* confdefs.h */
| #define PACKAGE_NAME "nettle"
| #define PACKAGE_TARNAME "nettle"
| #define PACKAGE_VERSION "3.5.1"
| #define PACKAGE_STRING "nettle 3.5.1"
| #define PACKAGE_BUGREPORT "nettle-bugs@lists.lysator.liu.se"
| #define PACKAGE_URL ""
| /* end confdefs.h.  */
| #include <ac_nonexistent.h>
configure:5092: checking for grep that handles long lines and -e
configure:5150: result: /usr/bin/grep
configure:5155: checking for egrep
configure:5217: result: /usr/bin/grep -E
configure:5222: checking for uid_t in sys/types.h
configure:5241: result: yes
configure:5252: checking for ANSI C header files
configure:5272: arm-brcm-linux-uclibcgnueabi-gcc -c -O2 -Wall -DLINUX26 -DCONFIG_BCMWL5 -DDEBUG_NOISY -DDEBUG_RCTEST -pipe -DBCMWPA2 -DBCMARM -fno-strict-aliasing -marm -DRTCONFIG_NVRAM_64K -DLINUX_KERNEL_VERSION=132644  -fPIC -ffunction-sections -fdata-sections -I/home/id/asuswrt-merlin-tenda/release/src-rt-6.x.4708/router/gmp conftest.c >&5
configure:5272: $? = 0
configure:5356: result: yes
configure:5369: checking for sys/types.h
configure:5369: arm-brcm-linux-uclibcgnueabi-gcc -c -O2 -Wall -DLINUX26 -DCONFIG_BCMWL5 -DDEBUG_NOISY -DDEBUG_RCTEST -pipe -DBCMWPA2 -DBCMARM -fno-strict-aliasing -marm -DRTCONFIG_NVRAM_64K -DLINUX_KERNEL_VERSION=132644  -fPIC -ffunction-sections -fdata-sections -I/home/id/asuswrt-merlin-tenda/release/src-rt-6.x.4708/router/gmp conftest.c >&5
configure:5369: $? = 0
configure:5369: result: yes
configure:5369: checking for sys/stat.h
configure:5369: arm-brcm-linux-uclibcgnueabi-gcc -c -O2 -Wall -DLINUX26 -DCONFIG_BCMWL5 -DDEBUG_NOISY -DDEBUG_RCTEST -pipe -DBCMWPA2 -DBCMARM -fno-strict-aliasing -marm -DRTCONFIG_NVRAM_64K -DLINUX_KERNEL_VERSION=132644  -fPIC -ffunction-sections -fdata-sections -I/home/id/asuswrt-merlin-tenda/release/src-rt-6.x.4708/router/gmp conftest.c >&5
configure:5369: $? = 0
configure:5369: result: yes
configure:5369: checking for stdlib.h
configure:5369: arm-brcm-linux-uclibcgnueabi-gcc -c -O2 -Wall -DLINUX26 -DCONFIG_BCMWL5 -DDEBUG_NOISY -DDEBUG_RCTEST -pipe -DBCMWPA2 -DBCMARM -fno-strict-aliasing -marm -DRTCONFIG_NVRAM_64K -DLINUX_KERNEL_VERSION=132644  -fPIC -ffunction-sections -fdata-sections -I/home/id/asuswrt-merlin-tenda/release/src-rt-6.x.4708/router/gmp conftest.c >&5
configure:5369: $? = 0
configure:5369: result: yes
configure:5369: checking for string.h
configure:5369: arm-brcm-linux-uclibcgnueabi-gcc -c -O2 -Wall -DLINUX26 -DCONFIG_BCMWL5 -DDEBUG_NOISY -DDEBUG_RCTEST -pipe -DBCMWPA2 -DBCMARM -fno-strict-aliasing -marm -DRTCONFIG_NVRAM_64K -DLINUX_KERNEL_VERSION=132644  -fPIC -ffunction-sections -fdata-sections -I/home/id/asuswrt-merlin-tenda/release/src-rt-6.x.4708/router/gmp conftest.c >&5
configure:5369: $? = 0
configure:5369: result: yes
configure:5369: checking for memory.h
configure:5369: arm-brcm-linux-uclibcgnueabi-gcc -c -O2 -Wall -DLINUX26 -DCONFIG_BCMWL5 -DDEBUG_NOISY -DDEBUG_RCTEST -pipe -DBCMWPA2 -DBCMARM -fno-strict-aliasing -marm -DRTCONFIG_NVRAM_64K -DLINUX_KERNEL_VERSION=132644  -fPIC -ffunction-sections -fdata-sections -I/home/id/asuswrt-merlin-tenda/release/src-rt-6.x.4708/router/gmp conftest.c >&5
configure:5369: $? = 0
configure:5369: result: yes
configure:5369: checking for strings.h
configure:5369: arm-brcm-linux-uclibcgnueabi-gcc -c -O2 -Wall -DLINUX26 -DCONFIG_BCMWL5 -DDEBUG_NOISY -DDEBUG_RCTEST -pipe -DBCMWPA2 -DBCMARM -fno-strict-aliasing -marm -DRTCONFIG_NVRAM_64K -DLINUX_KERNEL_VERSION=132644  -fPIC -ffunction-sections -fdata-sections -I/home/id/asuswrt-merlin-tenda/release/src-rt-6.x.4708/router/gmp conftest.c >&5
configure:5369: $? = 0
configure:5369: result: yes
configure:5369: checking for inttypes.h
configure:5369: arm-brcm-linux-uclibcgnueabi-gcc -c -O2 -Wall -DLINUX26 -DCONFIG_BCMWL5 -DDEBUG_NOISY -DDEBUG_RCTEST -pipe -DBCMWPA2 -DBCMARM -fno-strict-aliasing -marm -DRTCONFIG_NVRAM_64K -DLINUX_KERNEL_VERSION=132644  -fPIC -ffunction-sections -fdata-sections -I/home/id/asuswrt-merlin-tenda/release/src-rt-6.x.4708/router/gmp conftest.c >&5
configure:5369: $? = 0
configure:5369: result: yes
configure:5369: checking for stdint.h
configure:5369: arm-brcm-linux-uclibcgnueabi-gcc -c -O2 -Wall -DLINUX26 -DCONFIG_BCMWL5 -DDEBUG_NOISY -DDEBUG_RCTEST -pipe -DBCMWPA2 -DBCMARM -fno-strict-aliasing -marm -DRTCONFIG_NVRAM_64K -DLINUX_KERNEL_VERSION=132644  -fPIC -ffunction-sections -fdata-sections -I/home/id/asuswrt-merlin-tenda/release/src-rt-6.x.4708/router/gmp conftest.c >&5
configure:5369: $? = 0
configure:5369: result: yes
configure:5369: checking for unistd.h
configure:5369: arm-brcm-linux-uclibcgnueabi-gcc -c -O2 -Wall -DLINUX26 -DCONFIG_BCMWL5 -DDEBUG_NOISY -DDEBUG_RCTEST -pipe -DBCMWPA2 -DBCMARM -fno-strict-aliasing -marm -DRTCONFIG_NVRAM_64K -DLINUX_KERNEL_VERSION=132644  -fPIC -ffunction-sections -fdata-sections -I/home/id/asuswrt-merlin-tenda/release/src-rt-6.x.4708/router/gmp conftest.c >&5
configure:5369: $? = 0
configure:5369: result: yes
configure:5381: checking for size_t
configure:5381: arm-brcm-linux-uclibcgnueabi-gcc -c -O2 -Wall -DLINUX26 -DCONFIG_BCMWL5 -DDEBUG_NOISY -DDEBUG_RCTEST -pipe -DBCMWPA2 -DBCMARM -fno-strict-aliasing -marm -DRTCONFIG_NVRAM_64K -DLINUX_KERNEL_VERSION=132644  -fPIC -ffunction-sections -fdata-sections -I/home/id/asuswrt-merlin-tenda/release/src-rt-6.x.4708/router/gmp conftest.c >&5
configure:5381: $? = 0
configure:5381: arm-brcm-linux-uclibcgnueabi-gcc -c -O2 -Wall -DLINUX26 -DCONFIG_BCMWL5 -DDEBUG_NOISY -DDEBUG_RCTEST -pipe -DBCMWPA2 -DBCMARM -fno-strict-aliasing -marm -DRTCONFIG_NVRAM_64K -DLINUX_KERNEL_VERSION=132644  -fPIC -ffunction-sections -fdata-sections -I/home/id/asuswrt-merlin-tenda/release/src-rt-6.x.4708/router/gmp conftest.c >&5
conftest.c: In function 'main':
conftest.c:55:21: error: expected expression before ')' token
configure:5381: $? = 1
configure: failed program was:
| /* confdefs.h */
| #define PACKAGE_NAME "nettle"
| #define PACKAGE_TARNAME "nettle"
| #define PACKAGE_VERSION "3.5.1"
| #define PACKAGE_STRING "nettle 3.5.1"
| #define PACKAGE_BUGREPORT "nettle-bugs@lists.lysator.liu.se"
| #define PACKAGE_URL ""
| #define STDC_HEADERS 1
| #define HAVE_SYS_TYPES_H 1
| #define HAVE_SYS_STAT_H 1
| #define HAVE_STDLIB_H 1
| #define HAVE_STRING_H 1
| #define HAVE_MEMORY_H 1
| #define HAVE_STRINGS_H 1
| #define HAVE_INTTYPES_H 1
| #define HAVE_STDINT_H 1
| #define HAVE_UNISTD_H 1
| /* end confdefs.h.  */
| #include <stdio.h>
| #ifdef HAVE_SYS_TYPES_H
| # include <sys/types.h>
| #endif
| #ifdef HAVE_SYS_STAT_H
| # include <sys/stat.h>
| #endif
| #ifdef STDC_HEADERS
| # include <stdlib.h>
| # include <stddef.h>
| #else
| # ifdef HAVE_STDLIB_H
| #  include <stdlib.h>
| # endif
| #endif
| #ifdef HAVE_STRING_H
| # if !defined STDC_HEADERS && defined HAVE_MEMORY_H
| #  include <memory.h>
| # endif
| # include <string.h>
| #endif
| #ifdef HAVE_STRINGS_H
| # include <strings.h>
| #endif
| #ifdef HAVE_INTTYPES_H
| # include <inttypes.h>
| #endif
| #ifdef HAVE_STDINT_H
| # include <stdint.h>
| #endif
| #ifdef HAVE_UNISTD_H
| # include <unistd.h>
| #endif
| int
| main ()
| {
| if (sizeof ((size_t)))
| 	    return 0;
|   ;
|   return 0;
| }
configure:5381: result: yes
configure:5392: checking whether time.h and sys/time.h may both be included
configure:5412: arm-brcm-linux-uclibcgnueabi-gcc -c -O2 -Wall -DLINUX26 -DCONFIG_BCMWL5 -DDEBUG_NOISY -DDEBUG_RCTEST -pipe -DBCMWPA2 -DBCMARM -fno-strict-aliasing -marm -DRTCONFIG_NVRAM_64K -DLINUX_KERNEL_VERSION=132644  -fPIC -ffunction-sections -fdata-sections -I/home/id/asuswrt-merlin-tenda/release/src-rt-6.x.4708/router/gmp conftest.c >&5
configure:5412: $? = 0
configure:5419: result: yes
configure:5431: checking size of long
configure:5436: arm-brcm-linux-uclibcgnueabi-gcc -c -O2 -Wall -DLINUX26 -DCONFIG_BCMWL5 -DDEBUG_NOISY -DDEBUG_RCTEST -pipe -DBCMWPA2 -DBCMARM -fno-strict-aliasing -marm -DRTCONFIG_NVRAM_64K -DLINUX_KERNEL_VERSION=132644  -fPIC -ffunction-sections -fdata-sections -I/home/id/asuswrt-merlin-tenda/release/src-rt-6.x.4708/router/gmp conftest.c >&5
configure:5436: $? = 0
configure:5436: arm-brcm-linux-uclibcgnueabi-gcc -c -O2 -Wall -DLINUX26 -DCONFIG_BCMWL5 -DDEBUG_NOISY -DDEBUG_RCTEST -pipe -DBCMWPA2 -DBCMARM -fno-strict-aliasing -marm -DRTCONFIG_NVRAM_64K -DLINUX_KERNEL_VERSION=132644  -fPIC -ffunction-sections -fdata-sections -I/home/id/asuswrt-merlin-tenda/release/src-rt-6.x.4708/router/gmp conftest.c >&5
conftest.c: In function 'main':
conftest.c:56:12: error: size of array 'test_array' is negative
configure:5436: $? = 1
configure: failed program was:
| /* confdefs.h */
| #define PACKAGE_NAME "nettle"
| #define PACKAGE_TARNAME "nettle"
| #define PACKAGE_VERSION "3.5.1"
| #define PACKAGE_STRING "nettle 3.5.1"
| #define PACKAGE_BUGREPORT "nettle-bugs@lists.lysator.liu.se"
| #define PACKAGE_URL ""
| #define STDC_HEADERS 1
| #define HAVE_SYS_TYPES_H 1
| #define HAVE_SYS_STAT_H 1
| #define HAVE_STDLIB_H 1
| #define HAVE_STRING_H 1
| #define HAVE_MEMORY_H 1
| #define HAVE_STRINGS_H 1
| #define HAVE_INTTYPES_H 1
| #define HAVE_STDINT_H 1
| #define HAVE_UNISTD_H 1
| #define TIME_WITH_SYS_TIME 1
| /* end confdefs.h.  */
| #include <stdio.h>
| #ifdef HAVE_SYS_TYPES_H
| # include <sys/types.h>
| #endif
| #ifdef HAVE_SYS_STAT_H
| # include <sys/stat.h>
| #endif
| #ifdef STDC_HEADERS
| # include <stdlib.h>
| # include <stddef.h>
| #else
| # ifdef HAVE_STDLIB_H
| #  include <stdlib.h>
| # endif
| #endif
| #ifdef HAVE_STRING_H
| # if !defined STDC_HEADERS && defined HAVE_MEMORY_H
| #  include <memory.h>
| # endif
| # include <string.h>
| #endif
| #ifdef HAVE_STRINGS_H
| # include <strings.h>
| #endif
| #ifdef HAVE_INTTYPES_H
| # include <inttypes.h>
| #endif
| #ifdef HAVE_STDINT_H
| # include <stdint.h>
| #endif
| #ifdef HAVE_UNISTD_H
| # include <unistd.h>
| #endif
| int
| main ()
| {
| static int test_array [1 - 2 * !(((long int) (sizeof (long))) <= 0)];
| test_array [0] = 0;
| return test_array [0];
| 
|   ;
|   return 0;
| }
configure:5436: arm-brcm-linux-uclibcgnueabi-gcc -c -O2 -Wall -DLINUX26 -DCONFIG_BCMWL5 -DDEBUG_NOISY -DDEBUG_RCTEST -pipe -DBCMWPA2 -DBCMARM -fno-strict-aliasing -marm -DRTCONFIG_NVRAM_64K -DLINUX_KERNEL_VERSION=132644  -fPIC -ffunction-sections -fdata-sections -I/home/id/asuswrt-merlin-tenda/release/src-rt-6.x.4708/router/gmp conftest.c >&5
conftest.c: In function 'main':
conftest.c:56:12: error: size of array 'test_array' is negative
configure:5436: $? = 1
configure: failed program was:
| /* confdefs.h */
| #define PACKAGE_NAME "nettle"
| #define PACKAGE_TARNAME "nettle"
| #define PACKAGE_VERSION "3.5.1"
| #define PACKAGE_STRING "nettle 3.5.1"
| #define PACKAGE_BUGREPORT "nettle-bugs@lists.lysator.liu.se"
| #define PACKAGE_URL ""
| #define STDC_HEADERS 1
| #define HAVE_SYS_TYPES_H 1
| #define HAVE_SYS_STAT_H 1
| #define HAVE_STDLIB_H 1
| #define HAVE_STRING_H 1
| #define HAVE_MEMORY_H 1
| #define HAVE_STRINGS_H 1
| #define HAVE_INTTYPES_H 1
| #define HAVE_STDINT_H 1
| #define HAVE_UNISTD_H 1
| #define TIME_WITH_SYS_TIME 1
| /* end confdefs.h.  */
| #include <stdio.h>
| #ifdef HAVE_SYS_TYPES_H
| # include <sys/types.h>
| #endif
| #ifdef HAVE_SYS_STAT_H
| # include <sys/stat.h>
| #endif
| #ifdef STDC_HEADERS
| # include <stdlib.h>
| # include <stddef.h>
| #else
| # ifdef HAVE_STDLIB_H
| #  include <stdlib.h>
| # endif
| #endif
| #ifdef HAVE_STRING_H
| # if !defined STDC_HEADERS && defined HAVE_MEMORY_H
| #  include <memory.h>
| # endif
| # include <string.h>
| #endif
| #ifdef HAVE_STRINGS_H
| # include <strings.h>
| #endif
| #ifdef HAVE_INTTYPES_H
| # include <inttypes.h>
| #endif
| #ifdef HAVE_STDINT_H
| # include <stdint.h>
| #endif
| #ifdef HAVE_UNISTD_H
| # include <unistd.h>
| #endif
| int
| main ()
| {
| static int test_array [1 - 2 * !(((long int) (sizeof (long))) <= 1)];
| test_array [0] = 0;
| return test_array [0];
| 
|   ;
|   return 0;
| }
configure:5436: arm-brcm-linux-uclibcgnueabi-gcc -c -O2 -Wall -DLINUX26 -DCONFIG_BCMWL5 -DDEBUG_NOISY -DDEBUG_RCTEST -pipe -DBCMWPA2 -DBCMARM -fno-strict-aliasing -marm -DRTCONFIG_NVRAM_64K -DLINUX_KERNEL_VERSION=132644  -fPIC -ffunction-sections -fdata-sections -I/home/id/asuswrt-merlin-tenda/release/src-rt-6.x.4708/router/gmp conftest.c >&5
conftest.c: In function 'main':
conftest.c:56:12: error: size of array 'test_array' is negative
configure:5436: $? = 1
configure: failed program was:
| /* confdefs.h */
| #define PACKAGE_NAME "nettle"
| #define PACKAGE_TARNAME "nettle"
| #define PACKAGE_VERSION "3.5.1"
| #define PACKAGE_STRING "nettle 3.5.1"
| #define PACKAGE_BUGREPORT "nettle-bugs@lists.lysator.liu.se"
| #define PACKAGE_URL ""
| #define STDC_HEADERS 1
| #define HAVE_SYS_TYPES_H 1
| #define HAVE_SYS_STAT_H 1
| #define HAVE_STDLIB_H 1
| #define HAVE_STRING_H 1
| #define HAVE_MEMORY_H 1
| #define HAVE_STRINGS_H 1
| #define HAVE_INTTYPES_H 1
| #define HAVE_STDINT_H 1
| #define HAVE_UNISTD_H 1
| #define TIME_WITH_SYS_TIME 1
| /* end confdefs.h.  */
| #include <stdio.h>
| #ifdef HAVE_SYS_TYPES_H
| # include <sys/types.h>
| #endif
| #ifdef HAVE_SYS_STAT_H
| # include <sys/stat.h>
| #endif
| #ifdef STDC_HEADERS
| # include <stdlib.h>
| # include <stddef.h>
| #else
| # ifdef HAVE_STDLIB_H
| #  include <stdlib.h>
| # endif
| #endif
| #ifdef HAVE_STRING_H
| # if !defined STDC_HEADERS && defined HAVE_MEMORY_H
| #  include <memory.h>
| # endif
| # include <string.h>
| #endif
| #ifdef HAVE_STRINGS_H
| # include <strings.h>
| #endif
| #ifdef HAVE_INTTYPES_H
| # include <inttypes.h>
| #endif
| #ifdef HAVE_STDINT_H
| # include <stdint.h>
| #endif
| #ifdef HAVE_UNISTD_H
| # include <unistd.h>
| #endif
| int
| main ()
| {
| static int test_array [1 - 2 * !(((long int) (sizeof (long))) <= 3)];
| test_array [0] = 0;
| return test_array [0];
| 
|   ;
|   return 0;
| }
configure:5436: arm-brcm-linux-uclibcgnueabi-gcc -c -O2 -Wall -DLINUX26 -DCONFIG_BCMWL5 -DDEBUG_NOISY -DDEBUG_RCTEST -pipe -DBCMWPA2 -DBCMARM -fno-strict-aliasing -marm -DRTCONFIG_NVRAM_64K -DLINUX_KERNEL_VERSION=132644  -fPIC -ffunction-sections -fdata-sections -I/home/id/asuswrt-merlin-tenda/release/src-rt-6.x.4708/router/gmp conftest.c >&5
configure:5436: $? = 0
configure:5436: arm-brcm-linux-uclibcgnueabi-gcc -c -O2 -Wall -DLINUX26 -DCONFIG_BCMWL5 -DDEBUG_NOISY -DDEBUG_RCTEST -pipe -DBCMWPA2 -DBCMARM -fno-strict-aliasing -marm -DRTCONFIG_NVRAM_64K -DLINUX_KERNEL_VERSION=132644  -fPIC -ffunction-sections -fdata-sections -I/home/id/asuswrt-merlin-tenda/release/src-rt-6.x.4708/router/gmp conftest.c >&5
configure:5436: $? = 0
configure:5436: arm-brcm-linux-uclibcgnueabi-gcc -c -O2 -Wall -DLINUX26 -DCONFIG_BCMWL5 -DDEBUG_NOISY -DDEBUG_RCTEST -pipe -DBCMWPA2 -DBCMARM -fno-strict-aliasing -marm -DRTCONFIG_NVRAM_64K -DLINUX_KERNEL_VERSION=132644  -fPIC -ffunction-sections -fdata-sections -I/home/id/asuswrt-merlin-tenda/release/src-rt-6.x.4708/router/gmp conftest.c >&5
configure:5436: $? = 0
configure:5450: result: 4
configure:5464: checking size of size_t
configure:5469: arm-brcm-linux-uclibcgnueabi-gcc -c -O2 -Wall -DLINUX26 -DCONFIG_BCMWL5 -DDEBUG_NOISY -DDEBUG_RCTEST -pipe -DBCMWPA2 -DBCMARM -fno-strict-aliasing -marm -DRTCONFIG_NVRAM_64K -DLINUX_KERNEL_VERSION=132644  -fPIC -ffunction-sections -fdata-sections -I/home/id/asuswrt-merlin-tenda/release/src-rt-6.x.4708/router/gmp conftest.c >&5
configure:5469: $? = 0
configure:5469: arm-brcm-linux-uclibcgnueabi-gcc -c -O2 -Wall -DLINUX26 -DCONFIG_BCMWL5 -DDEBUG_NOISY -DDEBUG_RCTEST -pipe -DBCMWPA2 -DBCMARM -fno-strict-aliasing -marm -DRTCONFIG_NVRAM_64K -DLINUX_KERNEL_VERSION=132644  -fPIC -ffunction-sections -fdata-sections -I/home/id/asuswrt-merlin-tenda/release/src-rt-6.x.4708/router/gmp conftest.c >&5
conftest.c: In function 'main':
conftest.c:57:12: error: size of array 'test_array' is negative
configure:5469: $? = 1
configure: failed program was:
| /* confdefs.h */
| #define PACKAGE_NAME "nettle"
| #define PACKAGE_TARNAME "nettle"
| #define PACKAGE_VERSION "3.5.1"
| #define PACKAGE_STRING "nettle 3.5.1"
| #define PACKAGE_BUGREPORT "nettle-bugs@lists.lysator.liu.se"
| #define PACKAGE_URL ""
| #define STDC_HEADERS 1
| #define HAVE_SYS_TYPES_H 1
| #define HAVE_SYS_STAT_H 1
| #define HAVE_STDLIB_H 1
| #define HAVE_STRING_H 1
| #define HAVE_MEMORY_H 1
| #define HAVE_STRINGS_H 1
| #define HAVE_INTTYPES_H 1
| #define HAVE_STDINT_H 1
| #define HAVE_UNISTD_H 1
| #define TIME_WITH_SYS_TIME 1
| #define SIZEOF_LONG 4
| /* end confdefs.h.  */
| #include <stdio.h>
| #ifdef HAVE_SYS_TYPES_H
| # include <sys/types.h>
| #endif
| #ifdef HAVE_SYS_STAT_H
| # include <sys/stat.h>
| #endif
| #ifdef STDC_HEADERS
| # include <stdlib.h>
| # include <stddef.h>
| #else
| # ifdef HAVE_STDLIB_H
| #  include <stdlib.h>
| # endif
| #endif
| #ifdef HAVE_STRING_H
| # if !defined STDC_HEADERS && defined HAVE_MEMORY_H
| #  include <memory.h>
| # endif
| # include <string.h>
| #endif
| #ifdef HAVE_STRINGS_H
| # include <strings.h>
| #endif
| #ifdef HAVE_INTTYPES_H
| # include <inttypes.h>
| #endif
| #ifdef HAVE_STDINT_H
| # include <stdint.h>
| #endif
| #ifdef HAVE_UNISTD_H
| # include <unistd.h>
| #endif
| int
| main ()
| {
| static int test_array [1 - 2 * !(((long int) (sizeof (size_t))) <= 0)];
| test_array [0] = 0;
| return test_array [0];
| 
|   ;
|   return 0;
| }
configure:5469: arm-brcm-linux-uclibcgnueabi-gcc -c -O2 -Wall -DLINUX26 -DCONFIG_BCMWL5 -DDEBUG_NOISY -DDEBUG_RCTEST -pipe -DBCMWPA2 -DBCMARM -fno-strict-aliasing -marm -DRTCONFIG_NVRAM_64K -DLINUX_KERNEL_VERSION=132644  -fPIC -ffunction-sections -fdata-sections -I/home/id/asuswrt-merlin-tenda/release/src-rt-6.x.4708/router/gmp conftest.c >&5
conftest.c: In function 'main':
conftest.c:57:12: error: size of array 'test_array' is negative
configure:5469: $? = 1
configure: failed program was:
| /* confdefs.h */
| #define PACKAGE_NAME "nettle"
| #define PACKAGE_TARNAME "nettle"
| #define PACKAGE_VERSION "3.5.1"
| #define PACKAGE_STRING "nettle 3.5.1"
| #define PACKAGE_BUGREPORT "nettle-bugs@lists.lysator.liu.se"
| #define PACKAGE_URL ""
| #define STDC_HEADERS 1
| #define HAVE_SYS_TYPES_H 1
| #define HAVE_SYS_STAT_H 1
| #define HAVE_STDLIB_H 1
| #define HAVE_STRING_H 1
| #define HAVE_MEMORY_H 1
| #define HAVE_STRINGS_H 1
| #define HAVE_INTTYPES_H 1
| #define HAVE_STDINT_H 1
| #define HAVE_UNISTD_H 1
| #define TIME_WITH_SYS_TIME 1
| #define SIZEOF_LONG 4
| /* end confdefs.h.  */
| #include <stdio.h>
| #ifdef HAVE_SYS_TYPES_H
| # include <sys/types.h>
| #endif
| #ifdef HAVE_SYS_STAT_H
| # include <sys/stat.h>
| #endif
| #ifdef STDC_HEADERS
| # include <stdlib.h>
| # include <stddef.h>
| #else
| # ifdef HAVE_STDLIB_H
| #  include <stdlib.h>
| # endif
| #endif
| #ifdef HAVE_STRING_H
| # if !defined STDC_HEADERS && defined HAVE_MEMORY_H
| #  include <memory.h>
| # endif
| # include <string.h>
| #endif
| #ifdef HAVE_STRINGS_H
| # include <strings.h>
| #endif
| #ifdef HAVE_INTTYPES_H
| # include <inttypes.h>
| #endif
| #ifdef HAVE_STDINT_H
| # include <stdint.h>
| #endif
| #ifdef HAVE_UNISTD_H
| # include <unistd.h>
| #endif
| int
| main ()
| {
| static int test_array [1 - 2 * !(((long int) (sizeof (size_t))) <= 1)];
| test_array [0] = 0;
| return test_array [0];
| 
|   ;
|   return 0;
| }
configure:5469: arm-brcm-linux-uclibcgnueabi-gcc -c -O2 -Wall -DLINUX26 -DCONFIG_BCMWL5 -DDEBUG_NOISY -DDEBUG_RCTEST -pipe -DBCMWPA2 -DBCMARM -fno-strict-aliasing -marm -DRTCONFIG_NVRAM_64K -DLINUX_KERNEL_VERSION=132644  -fPIC -ffunction-sections -fdata-sections -I/home/id/asuswrt-merlin-tenda/release/src-rt-6.x.4708/router/gmp conftest.c >&5
conftest.c: In function 'main':
conftest.c:57:12: error: size of array 'test_array' is negative
configure:5469: $? = 1
configure: failed program was:
| /* confdefs.h */
| #define PACKAGE_NAME "nettle"
| #define PACKAGE_TARNAME "nettle"
| #define PACKAGE_VERSION "3.5.1"
| #define PACKAGE_STRING "nettle 3.5.1"
| #define PACKAGE_BUGREPORT "nettle-bugs@lists.lysator.liu.se"
| #define PACKAGE_URL ""
| #define STDC_HEADERS 1
| #define HAVE_SYS_TYPES_H 1
| #define HAVE_SYS_STAT_H 1
| #define HAVE_STDLIB_H 1
| #define HAVE_STRING_H 1
| #define HAVE_MEMORY_H 1
| #define HAVE_STRINGS_H 1
| #define HAVE_INTTYPES_H 1
| #define HAVE_STDINT_H 1
| #define HAVE_UNISTD_H 1
| #define TIME_WITH_SYS_TIME 1
| #define SIZEOF_LONG 4
| /* end confdefs.h.  */
| #include <stdio.h>
| #ifdef HAVE_SYS_TYPES_H
| # include <sys/types.h>
| #endif
| #ifdef HAVE_SYS_STAT_H
| # include <sys/stat.h>
| #endif
| #ifdef STDC_HEADERS
| # include <stdlib.h>
| # include <stddef.h>
| #else
| # ifdef HAVE_STDLIB_H
| #  include <stdlib.h>
| # endif
| #endif
| #ifdef HAVE_STRING_H
| # if !defined STDC_HEADERS && defined HAVE_MEMORY_H
| #  include <memory.h>
| # endif
| # include <string.h>
| #endif
| #ifdef HAVE_STRINGS_H
| # include <strings.h>
| #endif
| #ifdef HAVE_INTTYPES_H
| # include <inttypes.h>
| #endif
| #ifdef HAVE_STDINT_H
| # include <stdint.h>
| #endif
| #ifdef HAVE_UNISTD_H
| # include <unistd.h>
| #endif
| int
| main ()
| {
| static int test_array [1 - 2 * !(((long int) (sizeof (size_t))) <= 3)];
| test_array [0] = 0;
| return test_array [0];
| 
|   ;
|   return 0;
| }
configure:5469: arm-brcm-linux-uclibcgnueabi-gcc -c -O2 -Wall -DLINUX26 -DCONFIG_BCMWL5 -DDEBUG_NOISY -DDEBUG_RCTEST -pipe -DBCMWPA2 -DBCMARM -fno-strict-aliasing -marm -DRTCONFIG_NVRAM_64K -DLINUX_KERNEL_VERSION=132644  -fPIC -ffunction-sections -fdata-sections -I/home/id/asuswrt-merlin-tenda/release/src-rt-6.x.4708/router/gmp conftest.c >&5
configure:5469: $? = 0
configure:5469: arm-brcm-linux-uclibcgnueabi-gcc -c -O2 -Wall -DLINUX26 -DCONFIG_BCMWL5 -DDEBUG_NOISY -DDEBUG_RCTEST -pipe -DBCMWPA2 -DBCMARM -fno-strict-aliasing -marm -DRTCONFIG_NVRAM_64K -DLINUX_KERNEL_VERSION=132644  -fPIC -ffunction-sections -fdata-sections -I/home/id/asuswrt-merlin-tenda/release/src-rt-6.x.4708/router/gmp conftest.c >&5
configure:5469: $? = 0
configure:5469: arm-brcm-linux-uclibcgnueabi-gcc -c -O2 -Wall -DLINUX26 -DCONFIG_BCMWL5 -DDEBUG_NOISY -DDEBUG_RCTEST -pipe -DBCMWPA2 -DBCMARM -fno-strict-aliasing -marm -DRTCONFIG_NVRAM_64K -DLINUX_KERNEL_VERSION=132644  -fPIC -ffunction-sections -fdata-sections -I/home/id/asuswrt-merlin-tenda/release/src-rt-6.x.4708/router/gmp conftest.c >&5
configure:5469: $? = 0
configure:5483: result: 4
configure:5497: checking openssl/evp.h usability
configure:5497: arm-brcm-linux-uclibcgnueabi-gcc -c -O2 -Wall -DLINUX26 -DCONFIG_BCMWL5 -DDEBUG_NOISY -DDEBUG_RCTEST -pipe -DBCMWPA2 -DBCMARM -fno-strict-aliasing -marm -DRTCONFIG_NVRAM_64K -DLINUX_KERNEL_VERSION=132644  -fPIC -ffunction-sections -fdata-sections -I/home/id/asuswrt-merlin-tenda/release/src-rt-6.x.4708/router/gmp conftest.c >&5
configure:5497: $? = 0
configure:5497: result: yes
configure:5497: checking openssl/evp.h presence
configure:5497: arm-brcm-linux-uclibcgnueabi-gcc -E -I/home/id/asuswrt-merlin-tenda/release/src-rt-6.x.4708/router/gmp conftest.c
configure:5497: $? = 0
configure:5497: result: yes
configure:5497: checking for openssl/evp.h
configure:5497: result: yes
configure:5497: checking openssl/ecdsa.h usability
configure:5497: arm-brcm-linux-uclibcgnueabi-gcc -c -O2 -Wall -DLINUX26 -DCONFIG_BCMWL5 -DDEBUG_NOISY -DDEBUG_RCTEST -pipe -DBCMWPA2 -DBCMARM -fno-strict-aliasing -marm -DRTCONFIG_NVRAM_64K -DLINUX_KERNEL_VERSION=132644  -fPIC -ffunction-sections -fdata-sections -I/home/id/asuswrt-merlin-tenda/release/src-rt-6.x.4708/router/gmp conftest.c >&5
configure:5497: $? = 0
configure:5497: result: yes
configure:5497: checking openssl/ecdsa.h presence
configure:5497: arm-brcm-linux-uclibcgnueabi-gcc -E -I/home/id/asuswrt-merlin-tenda/release/src-rt-6.x.4708/router/gmp conftest.c
configure:5497: $? = 0
configure:5497: result: yes
configure:5497: checking for openssl/ecdsa.h
configure:5497: result: yes
configure:5514: checking valgrind/memcheck.h usability
configure:5514: arm-brcm-linux-uclibcgnueabi-gcc -c -O2 -Wall -DLINUX26 -DCONFIG_BCMWL5 -DDEBUG_NOISY -DDEBUG_RCTEST -pipe -DBCMWPA2 -DBCMARM -fno-strict-aliasing -marm -DRTCONFIG_NVRAM_64K -DLINUX_KERNEL_VERSION=132644  -fPIC -ffunction-sections -fdata-sections -I/home/id/asuswrt-merlin-tenda/release/src-rt-6.x.4708/router/gmp conftest.c >&5
conftest.c:57:31: fatal error: valgrind/memcheck.h: No such file or directory
compilation terminated.
configure:5514: $? = 1
configure: failed program was:
| /* confdefs.h */
| #define PACKAGE_NAME "nettle"
| #define PACKAGE_TARNAME "nettle"
| #define PACKAGE_VERSION "3.5.1"
| #define PACKAGE_STRING "nettle 3.5.1"
| #define PACKAGE_BUGREPORT "nettle-bugs@lists.lysator.liu.se"
| #define PACKAGE_URL ""
| #define STDC_HEADERS 1
| #define HAVE_SYS_TYPES_H 1
| #define HAVE_SYS_STAT_H 1
| #define HAVE_STDLIB_H 1
| #define HAVE_STRING_H 1
| #define HAVE_MEMORY_H 1
| #define HAVE_STRINGS_H 1
| #define HAVE_INTTYPES_H 1
| #define HAVE_STDINT_H 1
| #define HAVE_UNISTD_H 1
| #define TIME_WITH_SYS_TIME 1
| #define SIZEOF_LONG 4
| #define SIZEOF_SIZE_T 4
| #define HAVE_OPENSSL_EVP_H 1
| #define HAVE_OPENSSL_ECDSA_H 1
| /* end confdefs.h.  */
| #include <stdio.h>
| #ifdef HAVE_SYS_TYPES_H
| # include <sys/types.h>
| #endif
| #ifdef HAVE_SYS_STAT_H
| # include <sys/stat.h>
| #endif
| #ifdef STDC_HEADERS
| # include <stdlib.h>
| # include <stddef.h>
| #else
| # ifdef HAVE_STDLIB_H
| #  include <stdlib.h>
| # endif
| #endif
| #ifdef HAVE_STRING_H
| # if !defined STDC_HEADERS && defined HAVE_MEMORY_H
| #  include <memory.h>
| # endif
| # include <string.h>
| #endif
| #ifdef HAVE_STRINGS_H
| # include <strings.h>
| #endif
| #ifdef HAVE_INTTYPES_H
| # include <inttypes.h>
| #endif
| #ifdef HAVE_STDINT_H
| # include <stdint.h>
| #endif
| #ifdef HAVE_UNISTD_H
| # include <unistd.h>
| #endif
| #include <valgrind/memcheck.h>
configure:5514: result: no
configure:5514: checking valgrind/memcheck.h presence
configure:5514: arm-brcm-linux-uclibcgnueabi-gcc -E -I/home/id/asuswrt-merlin-tenda/release/src-rt-6.x.4708/router/gmp conftest.c
conftest.c:24:31: fatal error: valgrind/memcheck.h: No such file or directory
compilation terminated.
configure:5514: $? = 1
configure: failed program was:
| /* confdefs.h */
| #define PACKAGE_NAME "nettle"
| #define PACKAGE_TARNAME "nettle"
| #define PACKAGE_VERSION "3.5.1"
| #define PACKAGE_STRING "nettle 3.5.1"
| #define PACKAGE_BUGREPORT "nettle-bugs@lists.lysator.liu.se"
| #define PACKAGE_URL ""
| #define STDC_HEADERS 1
| #define HAVE_SYS_TYPES_H 1
| #define HAVE_SYS_STAT_H 1
| #define HAVE_STDLIB_H 1
| #define HAVE_STRING_H 1
| #define HAVE_MEMORY_H 1
| #define HAVE_STRINGS_H 1
| #define HAVE_INTTYPES_H 1
| #define HAVE_STDINT_H 1
| #define HAVE_UNISTD_H 1
| #define TIME_WITH_SYS_TIME 1
| #define SIZEOF_LONG 4
| #define SIZEOF_SIZE_T 4
| #define HAVE_OPENSSL_EVP_H 1
| #define HAVE_OPENSSL_ECDSA_H 1
| /* end confdefs.h.  */
| #include <valgrind/memcheck.h>
configure:5514: result: no
configure:5514: checking for valgrind/memcheck.h
configure:5514: result: no
configure:5526: checking dlfcn.h usability
configure:5526: arm-brcm-linux-uclibcgnueabi-gcc -c -O2 -Wall -DLINUX26 -DCONFIG_BCMWL5 -DDEBUG_NOISY -DDEBUG_RCTEST -pipe -DBCMWPA2 -DBCMARM -fno-strict-aliasing -marm -DRTCONFIG_NVRAM_64K -DLINUX_KERNEL_VERSION=132644  -fPIC -ffunction-sections -fdata-sections -I/home/id/asuswrt-merlin-tenda/release/src-rt-6.x.4708/router/gmp conftest.c >&5
configure:5526: $? = 0
configure:5526: result: yes
configure:5526: checking dlfcn.h presence
configure:5526: arm-brcm-linux-uclibcgnueabi-gcc -E -I/home/id/asuswrt-merlin-tenda/release/src-rt-6.x.4708/router/gmp conftest.c
configure:5526: $? = 0
configure:5526: result: yes
configure:5526: checking for dlfcn.h
configure:5526: result: yes
configure:5536: checking for dlopen in -ldl
configure:5561: arm-brcm-linux-uclibcgnueabi-gcc -o conftest -O2 -Wall -DLINUX26 -DCONFIG_BCMWL5 -DDEBUG_NOISY -DDEBUG_RCTEST -pipe -DBCMWPA2 -DBCMARM -fno-strict-aliasing -marm -DRTCONFIG_NVRAM_64K -DLINUX_KERNEL_VERSION=132644  -fPIC -ffunction-sections -fdata-sections -I/home/id/asuswrt-merlin-tenda/release/src-rt-6.x.4708/router/gmp -L/home/id/asuswrt-merlin-tenda/release/src-rt-6.x.4708/router/gmp/.libs -ffunction-sections -fdata-sections -Wl,--gc-sections -fPIC conftest.c -ldl   >&5
configure:5561: $? = 0
configure:5570: result: yes
configure:5581: checking for working alloca.h
configure:5598: arm-brcm-linux-uclibcgnueabi-gcc -o conftest -O2 -Wall -DLINUX26 -DCONFIG_BCMWL5 -DDEBUG_NOISY -DDEBUG_RCTEST -pipe -DBCMWPA2 -DBCMARM -fno-strict-aliasing -marm -DRTCONFIG_NVRAM_64K -DLINUX_KERNEL_VERSION=132644  -fPIC -ffunction-sections -fdata-sections -I/home/id/asuswrt-merlin-tenda/release/src-rt-6.x.4708/router/gmp -L/home/id/asuswrt-merlin-tenda/release/src-rt-6.x.4708/router/gmp/.libs -ffunction-sections -fdata-sections -Wl,--gc-sections -fPIC conftest.c  >&5
configure:5598: $? = 0
configure:5606: result: yes
configure:5614: checking for alloca
configure:5651: arm-brcm-linux-uclibcgnueabi-gcc -o conftest -O2 -Wall -DLINUX26 -DCONFIG_BCMWL5 -DDEBUG_NOISY -DDEBUG_RCTEST -pipe -DBCMWPA2 -DBCMARM -fno-strict-aliasing -marm -DRTCONFIG_NVRAM_64K -DLINUX_KERNEL_VERSION=132644  -fPIC -ffunction-sections -fdata-sections -I/home/id/asuswrt-merlin-tenda/release/src-rt-6.x.4708/router/gmp -L/home/id/asuswrt-merlin-tenda/release/src-rt-6.x.4708/router/gmp/.libs -ffunction-sections -fdata-sections -Wl,--gc-sections -fPIC conftest.c  >&5
configure:5651: $? = 0
configure:5659: result: yes
configure:5767: checking malloc.h usability
configure:5767: arm-brcm-linux-uclibcgnueabi-gcc -c -O2 -Wall -DLINUX26 -DCONFIG_BCMWL5 -DDEBUG_NOISY -DDEBUG_RCTEST -pipe -DBCMWPA2 -DBCMARM -fno-strict-aliasing -marm -DRTCONFIG_NVRAM_64K -DLINUX_KERNEL_VERSION=132644  -fPIC -ffunction-sections -fdata-sections -I/home/id/asuswrt-merlin-tenda/release/src-rt-6.x.4708/router/gmp conftest.c >&5
configure:5767: $? = 0
configure:5767: result: yes
configure:5767: checking malloc.h presence
configure:5767: arm-brcm-linux-uclibcgnueabi-gcc -E -I/home/id/asuswrt-merlin-tenda/release/src-rt-6.x.4708/router/gmp conftest.c
configure:5767: $? = 0
configure:5767: result: yes
configure:5767: checking for malloc.h
configure:5767: result: yes
configure:5780: checking for strerror
configure:5780: arm-brcm-linux-uclibcgnueabi-gcc -o conftest -O2 -Wall -DLINUX26 -DCONFIG_BCMWL5 -DDEBUG_NOISY -DDEBUG_RCTEST -pipe -DBCMWPA2 -DBCMARM -fno-strict-aliasing -marm -DRTCONFIG_NVRAM_64K -DLINUX_KERNEL_VERSION=132644  -fPIC -ffunction-sections -fdata-sections -I/home/id/asuswrt-merlin-tenda/release/src-rt-6.x.4708/router/gmp -L/home/id/asuswrt-merlin-tenda/release/src-rt-6.x.4708/router/gmp/.libs -ffunction-sections -fdata-sections -Wl,--gc-sections -fPIC conftest.c  >&5
configure:5780: $? = 0
configure:5780: result: yes
configure:5795: checking for secure_getenv
configure:5795: arm-brcm-linux-uclibcgnueabi-gcc -o conftest -O2 -Wall -DLINUX26 -DCONFIG_BCMWL5 -DDEBUG_NOISY -DDEBUG_RCTEST -pipe -DBCMWPA2 -DBCMARM -fno-strict-aliasing -marm -DRTCONFIG_NVRAM_64K -DLINUX_KERNEL_VERSION=132644  -fPIC -ffunction-sections -fdata-sections -I/home/id/asuswrt-merlin-tenda/release/src-rt-6.x.4708/router/gmp -L/home/id/asuswrt-merlin-tenda/release/src-rt-6.x.4708/router/gmp/.libs -ffunction-sections -fdata-sections -Wl,--gc-sections -fPIC conftest.c  >&5
/tmp/ccWGmIRp.o: In function `main':
conftest.c:(.text.main+0x4): undefined reference to `secure_getenv'
collect2: ld returned 1 exit status
configure:5795: $? = 1
configure: failed program was:
| /* confdefs.h */
| #define PACKAGE_NAME "nettle"
| #define PACKAGE_TARNAME "nettle"
| #define PACKAGE_VERSION "3.5.1"
| #define PACKAGE_STRING "nettle 3.5.1"
| #define PACKAGE_BUGREPORT "nettle-bugs@lists.lysator.liu.se"
| #define PACKAGE_URL ""
| #define STDC_HEADERS 1
| #define HAVE_SYS_TYPES_H 1
| #define HAVE_SYS_STAT_H 1
| #define HAVE_STDLIB_H 1
| #define HAVE_STRING_H 1
| #define HAVE_MEMORY_H 1
| #define HAVE_STRINGS_H 1
| #define HAVE_INTTYPES_H 1
| #define HAVE_STDINT_H 1
| #define HAVE_UNISTD_H 1
| #define TIME_WITH_SYS_TIME 1
| #define SIZEOF_LONG 4
| #define SIZEOF_SIZE_T 4
| #define HAVE_OPENSSL_EVP_H 1
| #define HAVE_OPENSSL_ECDSA_H 1
| #define HAVE_DLFCN_H 1
| #define HAVE_LIBDL 1
| #define HAVE_ALLOCA_H 1
| #define HAVE_ALLOCA 1
| #define HAVE_MALLOC_H 1
| #define HAVE_STRERROR 1
| /* end confdefs.h.  */
| /* Define secure_getenv to an innocuous variant, in case <limits.h> declares secure_getenv.
|    For example, HP-UX 11i <limits.h> declares gettimeofday.  */
| #define secure_getenv innocuous_secure_getenv
| 
| /* System header to define __stub macros and hopefully few prototypes,
|     which can conflict with char secure_getenv (); below.
|     Prefer <limits.h> to <assert.h> if __STDC__ is defined, since
|     <limits.h> exists even on freestanding compilers.  */
| 
| #ifdef __STDC__
| # include <limits.h>
| #else
| # include <assert.h>
| #endif
| 
| #undef secure_getenv
| 
| /* Override any GCC internal prototype to avoid an error.
|    Use char because int might match the return type of a GCC
|    builtin and then its argument prototype would still apply.  */
| #ifdef __cplusplus
| extern "C"
| #endif
| char secure_getenv ();
| /* The GNU C library defines this for functions which it implements
|     to always fail with ENOSYS.  Some functions are actually named
|     something starting with __ and the normal name is an alias.  */
| #if defined __stub_secure_getenv || defined __stub___secure_getenv
| choke me
| #endif
| 
| int
| main ()
| {
| return secure_getenv ();
|   ;
|   return 0;
| }
configure:5795: result: no
configure:5795: checking for getline
configure:5795: arm-brcm-linux-uclibcgnueabi-gcc -o conftest -O2 -Wall -DLINUX26 -DCONFIG_BCMWL5 -DDEBUG_NOISY -DDEBUG_RCTEST -pipe -DBCMWPA2 -DBCMARM -fno-strict-aliasing -marm -DRTCONFIG_NVRAM_64K -DLINUX_KERNEL_VERSION=132644  -fPIC -ffunction-sections -fdata-sections -I/home/id/asuswrt-merlin-tenda/release/src-rt-6.x.4708/router/gmp -L/home/id/asuswrt-merlin-tenda/release/src-rt-6.x.4708/router/gmp/.libs -ffunction-sections -fdata-sections -Wl,--gc-sections -fPIC conftest.c  >&5
configure:5795: $? = 0
configure:5795: result: yes
configure:5806: checking whether byte ordering is bigendian
configure:5821: arm-brcm-linux-uclibcgnueabi-gcc -c -O2 -Wall -DLINUX26 -DCONFIG_BCMWL5 -DDEBUG_NOISY -DDEBUG_RCTEST -pipe -DBCMWPA2 -DBCMARM -fno-strict-aliasing -marm -DRTCONFIG_NVRAM_64K -DLINUX_KERNEL_VERSION=132644  -fPIC -ffunction-sections -fdata-sections -I/home/id/asuswrt-merlin-tenda/release/src-rt-6.x.4708/router/gmp conftest.c >&5
conftest.c:32:13: error: expected '=', ',', ';', 'asm' or '__attribute__' before 'a'
configure:5821: $? = 1
configure: failed program was:
| /* confdefs.h */
| #define PACKAGE_NAME "nettle"
| #define PACKAGE_TARNAME "nettle"
| #define PACKAGE_VERSION "3.5.1"
| #define PACKAGE_STRING "nettle 3.5.1"
| #define PACKAGE_BUGREPORT "nettle-bugs@lists.lysator.liu.se"
| #define PACKAGE_URL ""
| #define STDC_HEADERS 1
| #define HAVE_SYS_TYPES_H 1
| #define HAVE_SYS_STAT_H 1
| #define HAVE_STDLIB_H 1
| #define HAVE_STRING_H 1
| #define HAVE_MEMORY_H 1
| #define HAVE_STRINGS_H 1
| #define HAVE_INTTYPES_H 1
| #define HAVE_STDINT_H 1
| #define HAVE_UNISTD_H 1
| #define TIME_WITH_SYS_TIME 1
| #define SIZEOF_LONG 4
| #define SIZEOF_SIZE_T 4
| #define HAVE_OPENSSL_EVP_H 1
| #define HAVE_OPENSSL_ECDSA_H 1
| #define HAVE_DLFCN_H 1
| #define HAVE_LIBDL 1
| #define HAVE_ALLOCA_H 1
| #define HAVE_ALLOCA 1
| #define HAVE_MALLOC_H 1
| #define HAVE_STRERROR 1
| #define HAVE_GETLINE 1
| /* end confdefs.h.  */
| #ifndef __APPLE_CC__
| 	       not a universal capable compiler
| 	     #endif
| 	     typedef int dummy;
| 
configure:5866: arm-brcm-linux-uclibcgnueabi-gcc -c -O2 -Wall -DLINUX26 -DCONFIG_BCMWL5 -DDEBUG_NOISY -DDEBUG_RCTEST -pipe -DBCMWPA2 -DBCMARM -fno-strict-aliasing -marm -DRTCONFIG_NVRAM_64K -DLINUX_KERNEL_VERSION=132644  -fPIC -ffunction-sections -fdata-sections -I/home/id/asuswrt-merlin-tenda/release/src-rt-6.x.4708/router/gmp conftest.c >&5
configure:5866: $? = 0
configure:5884: arm-brcm-linux-uclibcgnueabi-gcc -c -O2 -Wall -DLINUX26 -DCONFIG_BCMWL5 -DDEBUG_NOISY -DDEBUG_RCTEST -pipe -DBCMWPA2 -DBCMARM -fno-strict-aliasing -marm -DRTCONFIG_NVRAM_64K -DLINUX_KERNEL_VERSION=132644  -fPIC -ffunction-sections -fdata-sections -I/home/id/asuswrt-merlin-tenda/release/src-rt-6.x.4708/router/gmp conftest.c >&5
conftest.c: In function 'main':
conftest.c:38:4: error: 'not' undeclared (first use in this function)
conftest.c:38:4: note: each undeclared identifier is reported only once for each function it appears in
conftest.c:38:8: error: expected ';' before 'big'
configure:5884: $? = 1
configure: failed program was:
| /* confdefs.h */
| #define PACKAGE_NAME "nettle"
| #define PACKAGE_TARNAME "nettle"
| #define PACKAGE_VERSION "3.5.1"
| #define PACKAGE_STRING "nettle 3.5.1"
| #define PACKAGE_BUGREPORT "nettle-bugs@lists.lysator.liu.se"
| #define PACKAGE_URL ""
| #define STDC_HEADERS 1
| #define HAVE_SYS_TYPES_H 1
| #define HAVE_SYS_STAT_H 1
| #define HAVE_STDLIB_H 1
| #define HAVE_STRING_H 1
| #define HAVE_MEMORY_H 1
| #define HAVE_STRINGS_H 1
| #define HAVE_INTTYPES_H 1
| #define HAVE_STDINT_H 1
| #define HAVE_UNISTD_H 1
| #define TIME_WITH_SYS_TIME 1
| #define SIZEOF_LONG 4
| #define SIZEOF_SIZE_T 4
| #define HAVE_OPENSSL_EVP_H 1
| #define HAVE_OPENSSL_ECDSA_H 1
| #define HAVE_DLFCN_H 1
| #define HAVE_LIBDL 1
| #define HAVE_ALLOCA_H 1
| #define HAVE_ALLOCA 1
| #define HAVE_MALLOC_H 1
| #define HAVE_STRERROR 1
| #define HAVE_GETLINE 1
| /* end confdefs.h.  */
| #include <sys/types.h>
| 		#include <sys/param.h>
| 
| int
| main ()
| {
| #if BYTE_ORDER != BIG_ENDIAN
| 		 not big endian
| 		#endif
| 
|   ;
|   return 0;
| }
configure:6012: result: no
configure:6032: checking for __builtin_bswap64
configure:6053: arm-brcm-linux-uclibcgnueabi-gcc -o conftest -O2 -Wall -DLINUX26 -DCONFIG_BCMWL5 -DDEBUG_NOISY -DDEBUG_RCTEST -pipe -DBCMWPA2 -DBCMARM -fno-strict-aliasing -marm -DRTCONFIG_NVRAM_64K -DLINUX_KERNEL_VERSION=132644  -fPIC -ffunction-sections -fdata-sections -I/home/id/asuswrt-merlin-tenda/release/src-rt-6.x.4708/router/gmp -L/home/id/asuswrt-merlin-tenda/release/src-rt-6.x.4708/router/gmp/.libs -ffunction-sections -fdata-sections -Wl,--gc-sections -fPIC conftest.c  >&5
conftest.c: In function 'main':
conftest.c:39:10: warning: unused variable 'y'
configure:6053: $? = 0
configure:6061: result: yes
configure:6070: checking for __attribute__
configure:6096: arm-brcm-linux-uclibcgnueabi-gcc -c -O2 -Wall -DLINUX26 -DCONFIG_BCMWL5 -DDEBUG_NOISY -DDEBUG_RCTEST -pipe -DBCMWPA2 -DBCMARM -fno-strict-aliasing -marm -DRTCONFIG_NVRAM_64K -DLINUX_KERNEL_VERSION=132644  -fPIC -ffunction-sections -fdata-sections -I/home/id/asuswrt-merlin-tenda/release/src-rt-6.x.4708/router/gmp conftest.c >&5
configure:6096: $? = 0
configure:6103: result: yes
configure:6116: checking for fcntl file locking
configure:6143: arm-brcm-linux-uclibcgnueabi-gcc -c -O2 -Wall -DLINUX26 -DCONFIG_BCMWL5 -DDEBUG_NOISY -DDEBUG_RCTEST -pipe -DBCMWPA2 -DBCMARM -fno-strict-aliasing -marm -DRTCONFIG_NVRAM_64K -DLINUX_KERNEL_VERSION=132644  -fPIC -ffunction-sections -fdata-sections -I/home/id/asuswrt-merlin-tenda/release/src-rt-6.x.4708/router/gmp conftest.c >&5
conftest.c: In function 'main':
conftest.c:47:14: warning: unused variable 'fl'
conftest.c:46:5: warning: unused variable 'op'
configure:6143: $? = 0
configure:6150: result: yes
configure:6282: checking for mini-gmp limb size
configure:6285: arm-brcm-linux-uclibcgnueabi-gcc -c -O2 -Wall -DLINUX26 -DCONFIG_BCMWL5 -DDEBUG_NOISY -DDEBUG_RCTEST -pipe -DBCMWPA2 -DBCMARM -fno-strict-aliasing -marm -DRTCONFIG_NVRAM_64K -DLINUX_KERNEL_VERSION=132644  -fPIC -ffunction-sections -fdata-sections -I/home/id/asuswrt-merlin-tenda/release/src-rt-6.x.4708/router/gmp conftest.c >&5
configure:6285: $? = 0
configure:6285: arm-brcm-linux-uclibcgnueabi-gcc -c -O2 -Wall -DLINUX26 -DCONFIG_BCMWL5 -DDEBUG_NOISY -DDEBUG_RCTEST -pipe -DBCMWPA2 -DBCMARM -fno-strict-aliasing -marm -DRTCONFIG_NVRAM_64K -DLINUX_KERNEL_VERSION=132644  -fPIC -ffunction-sections -fdata-sections -I/home/id/asuswrt-merlin-tenda/release/src-rt-6.x.4708/router/gmp conftest.c >&5
conftest.c: In function 'main':
conftest.c:38:12: error: size of array 'test_array' is negative
configure:6285: $? = 1
configure: failed program was:
| /* confdefs.h */
| #define PACKAGE_NAME "nettle"
| #define PACKAGE_TARNAME "nettle"
| #define PACKAGE_VERSION "3.5.1"
| #define PACKAGE_STRING "nettle 3.5.1"
| #define PACKAGE_BUGREPORT "nettle-bugs@lists.lysator.liu.se"
| #define PACKAGE_URL ""
| #define STDC_HEADERS 1
| #define HAVE_SYS_TYPES_H 1
| #define HAVE_SYS_STAT_H 1
| #define HAVE_STDLIB_H 1
| #define HAVE_STRING_H 1
| #define HAVE_MEMORY_H 1
| #define HAVE_STRINGS_H 1
| #define HAVE_INTTYPES_H 1
| #define HAVE_STDINT_H 1
| #define HAVE_UNISTD_H 1
| #define TIME_WITH_SYS_TIME 1
| #define SIZEOF_LONG 4
| #define SIZEOF_SIZE_T 4
| #define HAVE_OPENSSL_EVP_H 1
| #define HAVE_OPENSSL_ECDSA_H 1
| #define HAVE_DLFCN_H 1
| #define HAVE_LIBDL 1
| #define HAVE_ALLOCA_H 1
| #define HAVE_ALLOCA 1
| #define HAVE_MALLOC_H 1
| #define HAVE_STRERROR 1
| #define HAVE_GETLINE 1
| #define HAVE_BUILTIN_BSWAP64 1
| #define HAVE_GCC_ATTRIBUTE 1
| #define HAVE_FCNTL_LOCKING 1
| /* end confdefs.h.  */
| #include <limits.h>
| int
| main ()
| {
| static int test_array [1 - 2 * !(((sizeof(unsigned long) * CHAR_BIT)) <= 0)];
| test_array [0] = 0;
| return test_array [0];
| 
|   ;
|   return 0;
| }
configure:6285: arm-brcm-linux-uclibcgnueabi-gcc -c -O2 -Wall -DLINUX26 -DCONFIG_BCMWL5 -DDEBUG_NOISY -DDEBUG_RCTEST -pipe -DBCMWPA2 -DBCMARM -fno-strict-aliasing -marm -DRTCONFIG_NVRAM_64K -DLINUX_KERNEL_VERSION=132644  -fPIC -ffunction-sections -fdata-sections -I/home/id/asuswrt-merlin-tenda/release/src-rt-6.x.4708/router/gmp conftest.c >&5
conftest.c: In function 'main':
conftest.c:38:12: error: size of array 'test_array' is negative
configure:6285: $? = 1
configure: failed program was:
| /* confdefs.h */
| #define PACKAGE_NAME "nettle"
| #define PACKAGE_TARNAME "nettle"
| #define PACKAGE_VERSION "3.5.1"
| #define PACKAGE_STRING "nettle 3.5.1"
| #define PACKAGE_BUGREPORT "nettle-bugs@lists.lysator.liu.se"
| #define PACKAGE_URL ""
| #define STDC_HEADERS 1
| #define HAVE_SYS_TYPES_H 1
| #define HAVE_SYS_STAT_H 1
| #define HAVE_STDLIB_H 1
| #define HAVE_STRING_H 1
| #define HAVE_MEMORY_H 1
| #define HAVE_STRINGS_H 1
| #define HAVE_INTTYPES_H 1
| #define HAVE_STDINT_H 1
| #define HAVE_UNISTD_H 1
| #define TIME_WITH_SYS_TIME 1
| #define SIZEOF_LONG 4
| #define SIZEOF_SIZE_T 4
| #define HAVE_OPENSSL_EVP_H 1
| #define HAVE_OPENSSL_ECDSA_H 1
| #define HAVE_DLFCN_H 1
| #define HAVE_LIBDL 1
| #define HAVE_ALLOCA_H 1
| #define HAVE_ALLOCA 1
| #define HAVE_MALLOC_H 1
| #define HAVE_STRERROR 1
| #define HAVE_GETLINE 1
| #define HAVE_BUILTIN_BSWAP64 1
| #define HAVE_GCC_ATTRIBUTE 1
| #define HAVE_FCNTL_LOCKING 1
| /* end confdefs.h.  */
| #include <limits.h>
| int
| main ()
| {
| static int test_array [1 - 2 * !(((sizeof(unsigned long) * CHAR_BIT)) <= 1)];
| test_array [0] = 0;
| return test_array [0];
| 
|   ;
|   return 0;
| }
configure:6285: arm-brcm-linux-uclibcgnueabi-gcc -c -O2 -Wall -DLINUX26 -DCONFIG_BCMWL5 -DDEBUG_NOISY -DDEBUG_RCTEST -pipe -DBCMWPA2 -DBCMARM -fno-strict-aliasing -marm -DRTCONFIG_NVRAM_64K -DLINUX_KERNEL_VERSION=132644  -fPIC -ffunction-sections -fdata-sections -I/home/id/asuswrt-merlin-tenda/release/src-rt-6.x.4708/router/gmp conftest.c >&5
conftest.c: In function 'main':
conftest.c:38:12: error: size of array 'test_array' is negative
configure:6285: $? = 1
configure: failed program was:
| /* confdefs.h */
| #define PACKAGE_NAME "nettle"
| #define PACKAGE_TARNAME "nettle"
| #define PACKAGE_VERSION "3.5.1"
| #define PACKAGE_STRING "nettle 3.5.1"
| #define PACKAGE_BUGREPORT "nettle-bugs@lists.lysator.liu.se"
| #define PACKAGE_URL ""
| #define STDC_HEADERS 1
| #define HAVE_SYS_TYPES_H 1
| #define HAVE_SYS_STAT_H 1
| #define HAVE_STDLIB_H 1
| #define HAVE_STRING_H 1
| #define HAVE_MEMORY_H 1
| #define HAVE_STRINGS_H 1
| #define HAVE_INTTYPES_H 1
| #define HAVE_STDINT_H 1
| #define HAVE_UNISTD_H 1
| #define TIME_WITH_SYS_TIME 1
| #define SIZEOF_LONG 4
| #define SIZEOF_SIZE_T 4
| #define HAVE_OPENSSL_EVP_H 1
| #define HAVE_OPENSSL_ECDSA_H 1
| #define HAVE_DLFCN_H 1
| #define HAVE_LIBDL 1
| #define HAVE_ALLOCA_H 1
| #define HAVE_ALLOCA 1
| #define HAVE_MALLOC_H 1
| #define HAVE_STRERROR 1
| #define HAVE_GETLINE 1
| #define HAVE_BUILTIN_BSWAP64 1
| #define HAVE_GCC_ATTRIBUTE 1
| #define HAVE_FCNTL_LOCKING 1
| /* end confdefs.h.  */
| #include <limits.h>
| int
| main ()
| {
| static int test_array [1 - 2 * !(((sizeof(unsigned long) * CHAR_BIT)) <= 3)];
| test_array [0] = 0;
| return test_array [0];
| 
|   ;
|   return 0;
| }
configure:6285: arm-brcm-linux-uclibcgnueabi-gcc -c -O2 -Wall -DLINUX26 -DCONFIG_BCMWL5 -DDEBUG_NOISY -DDEBUG_RCTEST -pipe -DBCMWPA2 -DBCMARM -fno-strict-aliasing -marm -DRTCONFIG_NVRAM_64K -DLINUX_KERNEL_VERSION=132644  -fPIC -ffunction-sections -fdata-sections -I/home/id/asuswrt-merlin-tenda/release/src-rt-6.x.4708/router/gmp conftest.c >&5
conftest.c: In function 'main':
conftest.c:38:12: error: size of array 'test_array' is negative
configure:6285: $? = 1
configure: failed program was:
| /* confdefs.h */
| #define PACKAGE_NAME "nettle"
| #define PACKAGE_TARNAME "nettle"
| #define PACKAGE_VERSION "3.5.1"
| #define PACKAGE_STRING "nettle 3.5.1"
| #define PACKAGE_BUGREPORT "nettle-bugs@lists.lysator.liu.se"
| #define PACKAGE_URL ""
| #define STDC_HEADERS 1
| #define HAVE_SYS_TYPES_H 1
| #define HAVE_SYS_STAT_H 1
| #define HAVE_STDLIB_H 1
| #define HAVE_STRING_H 1
| #define HAVE_MEMORY_H 1
| #define HAVE_STRINGS_H 1
| #define HAVE_INTTYPES_H 1
| #define HAVE_STDINT_H 1
| #define HAVE_UNISTD_H 1
| #define TIME_WITH_SYS_TIME 1
| #define SIZEOF_LONG 4
| #define SIZEOF_SIZE_T 4
| #define HAVE_OPENSSL_EVP_H 1
| #define HAVE_OPENSSL_ECDSA_H 1
| #define HAVE_DLFCN_H 1
| #define HAVE_LIBDL 1
| #define HAVE_ALLOCA_H 1
| #define HAVE_ALLOCA 1
| #define HAVE_MALLOC_H 1
| #define HAVE_STRERROR 1
| #define HAVE_GETLINE 1
| #define HAVE_BUILTIN_BSWAP64 1
| #define HAVE_GCC_ATTRIBUTE 1
| #define HAVE_FCNTL_LOCKING 1
| /* end confdefs.h.  */
| #include <limits.h>
| int
| main ()
| {
| static int test_array [1 - 2 * !(((sizeof(unsigned long) * CHAR_BIT)) <= 7)];
| test_array [0] = 0;
| return test_array [0];
| 
|   ;
|   return 0;
| }
configure:6285: arm-brcm-linux-uclibcgnueabi-gcc -c -O2 -Wall -DLINUX26 -DCONFIG_BCMWL5 -DDEBUG_NOISY -DDEBUG_RCTEST -pipe -DBCMWPA2 -DBCMARM -fno-strict-aliasing -marm -DRTCONFIG_NVRAM_64K -DLINUX_KERNEL_VERSION=132644  -fPIC -ffunction-sections -fdata-sections -I/home/id/asuswrt-merlin-tenda/release/src-rt-6.x.4708/router/gmp conftest.c >&5
conftest.c: In function 'main':
conftest.c:38:12: error: size of array 'test_array' is negative
configure:6285: $? = 1
configure: failed program was:
| /* confdefs.h */
| #define PACKAGE_NAME "nettle"
| #define PACKAGE_TARNAME "nettle"
| #define PACKAGE_VERSION "3.5.1"
| #define PACKAGE_STRING "nettle 3.5.1"
| #define PACKAGE_BUGREPORT "nettle-bugs@lists.lysator.liu.se"
| #define PACKAGE_URL ""
| #define STDC_HEADERS 1
| #define HAVE_SYS_TYPES_H 1
| #define HAVE_SYS_STAT_H 1
| #define HAVE_STDLIB_H 1
| #define HAVE_STRING_H 1
| #define HAVE_MEMORY_H 1
| #define HAVE_STRINGS_H 1
| #define HAVE_INTTYPES_H 1
| #define HAVE_STDINT_H 1
| #define HAVE_UNISTD_H 1
| #define TIME_WITH_SYS_TIME 1
| #define SIZEOF_LONG 4
| #define SIZEOF_SIZE_T 4
| #define HAVE_OPENSSL_EVP_H 1
| #define HAVE_OPENSSL_ECDSA_H 1
| #define HAVE_DLFCN_H 1
| #define HAVE_LIBDL 1
| #define HAVE_ALLOCA_H 1
| #define HAVE_ALLOCA 1
| #define HAVE_MALLOC_H 1
| #define HAVE_STRERROR 1
| #define HAVE_GETLINE 1
| #define HAVE_BUILTIN_BSWAP64 1
| #define HAVE_GCC_ATTRIBUTE 1
| #define HAVE_FCNTL_LOCKING 1
| /* end confdefs.h.  */
| #include <limits.h>
| int
| main ()
| {
| static int test_array [1 - 2 * !(((sizeof(unsigned long) * CHAR_BIT)) <= 15)];
| test_array [0] = 0;
| return test_array [0];
| 
|   ;
|   return 0;
| }
configure:6285: arm-brcm-linux-uclibcgnueabi-gcc -c -O2 -Wall -DLINUX26 -DCONFIG_BCMWL5 -DDEBUG_NOISY -DDEBUG_RCTEST -pipe -DBCMWPA2 -DBCMARM -fno-strict-aliasing -marm -DRTCONFIG_NVRAM_64K -DLINUX_KERNEL_VERSION=132644  -fPIC -ffunction-sections -fdata-sections -I/home/id/asuswrt-merlin-tenda/release/src-rt-6.x.4708/router/gmp conftest.c >&5
conftest.c: In function 'main':
conftest.c:38:12: error: size of array 'test_array' is negative
configure:6285: $? = 1
configure: failed program was:
| /* confdefs.h */
| #define PACKAGE_NAME "nettle"
| #define PACKAGE_TARNAME "nettle"
| #define PACKAGE_VERSION "3.5.1"
| #define PACKAGE_STRING "nettle 3.5.1"
| #define PACKAGE_BUGREPORT "nettle-bugs@lists.lysator.liu.se"
| #define PACKAGE_URL ""
| #define STDC_HEADERS 1
| #define HAVE_SYS_TYPES_H 1
| #define HAVE_SYS_STAT_H 1
| #define HAVE_STDLIB_H 1
| #define HAVE_STRING_H 1
| #define HAVE_MEMORY_H 1
| #define HAVE_STRINGS_H 1
| #define HAVE_INTTYPES_H 1
| #define HAVE_STDINT_H 1
| #define HAVE_UNISTD_H 1
| #define TIME_WITH_SYS_TIME 1
| #define SIZEOF_LONG 4
| #define SIZEOF_SIZE_T 4
| #define HAVE_OPENSSL_EVP_H 1
| #define HAVE_OPENSSL_ECDSA_H 1
| #define HAVE_DLFCN_H 1
| #define HAVE_LIBDL 1
| #define HAVE_ALLOCA_H 1
| #define HAVE_ALLOCA 1
| #define HAVE_MALLOC_H 1
| #define HAVE_STRERROR 1
| #define HAVE_GETLINE 1
| #define HAVE_BUILTIN_BSWAP64 1
| #define HAVE_GCC_ATTRIBUTE 1
| #define HAVE_FCNTL_LOCKING 1
| /* end confdefs.h.  */
| #include <limits.h>
| int
| main ()
| {
| static int test_array [1 - 2 * !(((sizeof(unsigned long) * CHAR_BIT)) <= 31)];
| test_array [0] = 0;
| return test_array [0];
| 
|   ;
|   return 0;
| }
configure:6285: arm-brcm-linux-uclibcgnueabi-gcc -c -O2 -Wall -DLINUX26 -DCONFIG_BCMWL5 -DDEBUG_NOISY -DDEBUG_RCTEST -pipe -DBCMWPA2 -DBCMARM -fno-strict-aliasing -marm -DRTCONFIG_NVRAM_64K -DLINUX_KERNEL_VERSION=132644  -fPIC -ffunction-sections -fdata-sections -I/home/id/asuswrt-merlin-tenda/release/src-rt-6.x.4708/router/gmp conftest.c >&5
configure:6285: $? = 0
configure:6285: arm-brcm-linux-uclibcgnueabi-gcc -c -O2 -Wall -DLINUX26 -DCONFIG_BCMWL5 -DDEBUG_NOISY -DDEBUG_RCTEST -pipe -DBCMWPA2 -DBCMARM -fno-strict-aliasing -marm -DRTCONFIG_NVRAM_64K -DLINUX_KERNEL_VERSION=132644  -fPIC -ffunction-sections -fdata-sections -I/home/id/asuswrt-merlin-tenda/release/src-rt-6.x.4708/router/gmp conftest.c >&5
configure:6285: $? = 0
configure:6285: arm-brcm-linux-uclibcgnueabi-gcc -c -O2 -Wall -DLINUX26 -DCONFIG_BCMWL5 -DDEBUG_NOISY -DDEBUG_RCTEST -pipe -DBCMWPA2 -DBCMARM -fno-strict-aliasing -marm -DRTCONFIG_NVRAM_64K -DLINUX_KERNEL_VERSION=132644  -fPIC -ffunction-sections -fdata-sections -I/home/id/asuswrt-merlin-tenda/release/src-rt-6.x.4708/router/gmp conftest.c >&5
configure:6285: $? = 0
configure:6285: arm-brcm-linux-uclibcgnueabi-gcc -c -O2 -Wall -DLINUX26 -DCONFIG_BCMWL5 -DDEBUG_NOISY -DDEBUG_RCTEST -pipe -DBCMWPA2 -DBCMARM -fno-strict-aliasing -marm -DRTCONFIG_NVRAM_64K -DLINUX_KERNEL_VERSION=132644  -fPIC -ffunction-sections -fdata-sections -I/home/id/asuswrt-merlin-tenda/release/src-rt-6.x.4708/router/gmp conftest.c >&5
configure:6285: $? = 0
configure:6285: arm-brcm-linux-uclibcgnueabi-gcc -c -O2 -Wall -DLINUX26 -DCONFIG_BCMWL5 -DDEBUG_NOISY -DDEBUG_RCTEST -pipe -DBCMWPA2 -DBCMARM -fno-strict-aliasing -marm -DRTCONFIG_NVRAM_64K -DLINUX_KERNEL_VERSION=132644  -fPIC -ffunction-sections -fdata-sections -I/home/id/asuswrt-merlin-tenda/release/src-rt-6.x.4708/router/gmp conftest.c >&5
configure:6285: $? = 0
configure:6285: arm-brcm-linux-uclibcgnueabi-gcc -c -O2 -Wall -DLINUX26 -DCONFIG_BCMWL5 -DDEBUG_NOISY -DDEBUG_RCTEST -pipe -DBCMWPA2 -DBCMARM -fno-strict-aliasing -marm -DRTCONFIG_NVRAM_64K -DLINUX_KERNEL_VERSION=132644  -fPIC -ffunction-sections -fdata-sections -I/home/id/asuswrt-merlin-tenda/release/src-rt-6.x.4708/router/gmp conftest.c >&5
configure:6285: $? = 0
configure:6295: result: 32 bits
configure:6609: Looking for assembler files in arm.
configure:6700: checking CCPIC
configure:6744: arm-brcm-linux-uclibcgnueabi-gcc -c -O2 -Wall -DLINUX26 -DCONFIG_BCMWL5 -DDEBUG_NOISY -DDEBUG_RCTEST -pipe -DBCMWPA2 -DBCMARM -fno-strict-aliasing -marm -DRTCONFIG_NVRAM_64K -DLINUX_KERNEL_VERSION=132644  -fPIC -ffunction-sections -fdata-sections -fpic -I/home/id/asuswrt-merlin-tenda/release/src-rt-6.x.4708/router/gmp conftest.c >&5
conftest.c: In function 'main':
conftest.c:43:1: warning: implicit declaration of function 'exit'
conftest.c:43:1: warning: incompatible implicit declaration of built-in function 'exit'
configure:6744: $? = 0
configure:6755: result: -fpic
configure:6868: checking if globals are prefixed by underscore
configure:6879: arm-brcm-linux-uclibcgnueabi-gcc -c -O2 -Wall -DLINUX26 -DCONFIG_BCMWL5 -DDEBUG_NOISY -DDEBUG_RCTEST -pipe -DBCMWPA2 -DBCMARM -fno-strict-aliasing -marm -DRTCONFIG_NVRAM_64K -DLINUX_KERNEL_VERSION=132644  -fPIC -ffunction-sections -fdata-sections -I/home/id/asuswrt-merlin-tenda/release/src-rt-6.x.4708/router/gmp conftest.c >&5
configure:6879: $? = 0
configure:6895: result: no
configure:6901: checking for ELF-style .type,%function pseudo-ops
configure:6918: arm-brcm-linux-uclibcgnueabi-gcc -O2 -Wall -DLINUX26 -DCONFIG_BCMWL5 -DDEBUG_NOISY -DDEBUG_RCTEST -pipe -DBCMWPA2 -DBCMARM -fno-strict-aliasing -marm -DRTCONFIG_NVRAM_64K -DLINUX_KERNEL_VERSION=132644  -fPIC -ffunction-sections -fdata-sections -I/home/id/asuswrt-merlin-tenda/release/src-rt-6.x.4708/router/gmp -c conftest.s >conftest.out 2>&1
configure:6921: $? = 0
configure:6934: result: yes
configure:6937: checking for ELF-style .type,#function pseudo-ops
configure:6954: arm-brcm-linux-uclibcgnueabi-gcc -O2 -Wall -DLINUX26 -DCONFIG_BCMWL5 -DDEBUG_NOISY -DDEBUG_RCTEST -pipe -DBCMWPA2 -DBCMARM -fno-strict-aliasing -marm -DRTCONFIG_NVRAM_64K -DLINUX_KERNEL_VERSION=132644  -fPIC -ffunction-sections -fdata-sections -I/home/id/asuswrt-merlin-tenda/release/src-rt-6.x.4708/router/gmp -c conftest.s >conftest.out 2>&1
configure:6957: $? = 0
configure:6970: result: yes
configure:6985: checking for COFF-style .type directive
configure:7002: arm-brcm-linux-uclibcgnueabi-gcc -O2 -Wall -DLINUX26 -DCONFIG_BCMWL5 -DDEBUG_NOISY -DDEBUG_RCTEST -pipe -DBCMWPA2 -DBCMARM -fno-strict-aliasing -marm -DRTCONFIG_NVRAM_64K -DLINUX_KERNEL_VERSION=132644  -fPIC -ffunction-sections -fdata-sections -I/home/id/asuswrt-merlin-tenda/release/src-rt-6.x.4708/router/gmp -c conftest.s >conftest.out 2>&1
configure:7005: $? = 1
conftest.s: Assembler messages:
conftest.s:4: Error: unknown pseudo-op: `.def'
conftest.s:5: Error: unknown pseudo-op: `.scl'
conftest.s:6: Error: Missing symbol name in directive
conftest.s:6: Error: unrecognized symbol type "32"
conftest.s:7: Error: unknown pseudo-op: `.endef'
configure: failed program was:

.text
.globl _foo
.def _foo
.scl 2
.type 32
.endef
_foo:

configure:7018: result: no
configure:7024: checking if we should use a .note.GNU-stack section
configure:7036: arm-brcm-linux-uclibcgnueabi-gcc -O2 -Wall -DLINUX26 -DCONFIG_BCMWL5 -DDEBUG_NOISY -DDEBUG_RCTEST -pipe -DBCMWPA2 -DBCMARM -fno-strict-aliasing -marm -DRTCONFIG_NVRAM_64K -DLINUX_KERNEL_VERSION=132644  -fPIC -ffunction-sections -fdata-sections -I/home/id/asuswrt-merlin-tenda/release/src-rt-6.x.4708/router/gmp -c conftest.c >conftest.out 2>&1
configure:7039: $? = 0
configure:7051: result: yes
configure:7057: checking if .align assembly directive is logarithmic
configure:7068: arm-brcm-linux-uclibcgnueabi-gcc -O2 -Wall -DLINUX26 -DCONFIG_BCMWL5 -DDEBUG_NOISY -DDEBUG_RCTEST -pipe -DBCMWPA2 -DBCMARM -fno-strict-aliasing -marm -DRTCONFIG_NVRAM_64K -DLINUX_KERNEL_VERSION=132644  -fPIC -ffunction-sections -fdata-sections -I/home/id/asuswrt-merlin-tenda/release/src-rt-6.x.4708/router/gmp -c conftest.s >conftest.out 2>&1
configure:7071: $? = 0
configure:7084: result: yes
configure:7120: checking for m4
configure:7138: found /usr/bin/m4
configure:7151: result: /usr/bin/m4
configure:7329: checking for library containing clock_gettime
configure:7360: arm-brcm-linux-uclibcgnueabi-gcc -o conftest -O2 -Wall -DLINUX26 -DCONFIG_BCMWL5 -DDEBUG_NOISY -DDEBUG_RCTEST -pipe -DBCMWPA2 -DBCMARM -fno-strict-aliasing -marm -DRTCONFIG_NVRAM_64K -DLINUX_KERNEL_VERSION=132644  -fPIC -ffunction-sections -fdata-sections -I/home/id/asuswrt-merlin-tenda/release/src-rt-6.x.4708/router/gmp -L/home/id/asuswrt-merlin-tenda/release/src-rt-6.x.4708/router/gmp/.libs -ffunction-sections -fdata-sections -Wl,--gc-sections -fPIC conftest.c  >&5
configure:7360: $? = 0
configure:7377: result: none required
configure:7538: creating ./config.status

## ---------------------- ##
## Running config.status. ##
## ---------------------- ##

This file was extended by nettle config.status 3.5.1, which was
generated by GNU Autoconf 2.69.  Invocation command line was

  CONFIG_FILES    = 
  CONFIG_HEADERS  = 
  CONFIG_LINKS    = 
  CONFIG_COMMANDS = 
  $ ./config.status 

on VM_Centos9

config.status:927: creating config.make
config.status:927: creating config.m4
config.status:927: creating Makefile
config.status:927: creating version.h
config.status:927: creating tools/Makefile
config.status:927: creating testsuite/Makefile
config.status:927: creating examples/Makefile
config.status:927: creating nettle.pc
config.status:927: creating hogweed.pc
config.status:927: creating libnettle.map
config.status:927: creating libhogweed.map
config.status:927: creating config.h
config.status:1108: config.h is unchanged
config.status:1134: linking arm/aes-encrypt-internal.asm to aes-encrypt-internal.asm
config.status:1134: linking arm/aes-decrypt-internal.asm to aes-decrypt-internal.asm
config.status:1134: linking arm/memxor.asm to memxor.asm
config.status:1134: linking arm/memxor3.asm to memxor3.asm
config.status:1134: linking arm/machine.m4 to machine.m4
config.status:1134: linking arm/ecc-192-modp.asm to ecc-192-modp.asm
config.status:1134: linking arm/ecc-224-modp.asm to ecc-224-modp.asm
config.status:1134: linking arm/ecc-256-redc.asm to ecc-256-redc.asm
config.status:1134: linking arm/ecc-384-modp.asm to ecc-384-modp.asm
config.status:1134: linking arm/ecc-521-modp.asm to ecc-521-modp.asm
config.status:1153: executing dummy-dep-files commands
configure:8790: summary of build options:

  Version:           nettle 3.5.1
  Host type:         arm-unknown-linux-gnu
  ABI:               standard
  Assembly files:    arm
  Install prefix:    /home/id/asuswrt-merlin-tenda/release/src-rt-6.x.4708/router/nettle
  Library directory: ${exec_prefix}/lib
  Compiler:          arm-brcm-linux-uclibcgnueabi-gcc
  Static libraries:  yes
  Shared libraries:  no
  Public key crypto: yes
  Using mini-gmp:    yes
  Documentation:     no


## ---------------- ##
## Cache variables. ##
## ---------------- ##

ac_cv_build=x86_64-pc-linux-uclibc
ac_cv_c_bigendian=no
ac_cv_c_compiler_gnu=yes
ac_cv_c_const=yes
ac_cv_c_inline=inline
ac_cv_cxx_compiler_gnu=yes
ac_cv_env_CCC_set=
ac_cv_env_CCC_value=
ac_cv_env_CC_FOR_BUILD_set=
ac_cv_env_CC_FOR_BUILD_value=
ac_cv_env_CC_set=set
ac_cv_env_CC_value=arm-brcm-linux-uclibcgnueabi-gcc
ac_cv_env_CFLAGS_set=set
ac_cv_env_CFLAGS_value='-O2 -Wall -DLINUX26 -DCONFIG_BCMWL5 -DDEBUG_NOISY -DDEBUG_RCTEST -pipe -DBCMWPA2 -DBCMARM -fno-strict-aliasing -marm -DRTCONFIG_NVRAM_64K -DLINUX_KERNEL_VERSION=132644  -fPIC -ffunction-sections -fdata-sections'
ac_cv_env_CPPFLAGS_set=set
ac_cv_env_CPPFLAGS_value=-I/home/id/asuswrt-merlin-tenda/release/src-rt-6.x.4708/router/gmp
ac_cv_env_CPP_set=
ac_cv_env_CPP_value=
ac_cv_env_CXXFLAGS_set=
ac_cv_env_CXXFLAGS_value=
ac_cv_env_CXX_set=set
ac_cv_env_CXX_value=arm-brcm-linux-uclibcgnueabi-g++
ac_cv_env_LDFLAGS_set=set
ac_cv_env_LDFLAGS_value='-L/home/id/asuswrt-merlin-tenda/release/src-rt-6.x.4708/router/gmp/.libs -ffunction-sections -fdata-sections -Wl,--gc-sections -fPIC'
ac_cv_env_LIBS_set=
ac_cv_env_LIBS_value=
ac_cv_env_build_alias_set=set
ac_cv_env_build_alias_value=
ac_cv_env_host_alias_set=set
ac_cv_env_host_alias_value=arm-linux
ac_cv_env_target_alias_set=
ac_cv_env_target_alias_value=
ac_cv_func_alloca_works=yes
ac_cv_func_getline=yes
ac_cv_func_secure_getenv=no
ac_cv_func_strerror=yes
ac_cv_header_dlfcn_h=yes
ac_cv_header_inttypes_h=yes
ac_cv_header_malloc_h=yes
ac_cv_header_memory_h=yes
ac_cv_header_openssl_ecdsa_h=yes
ac_cv_header_openssl_evp_h=yes
ac_cv_header_stdc=yes
ac_cv_header_stdint_h=yes
ac_cv_header_stdlib_h=yes
ac_cv_header_string_h=yes
ac_cv_header_strings_h=yes
ac_cv_header_sys_stat_h=yes
ac_cv_header_sys_types_h=yes
ac_cv_header_time=yes
ac_cv_header_unistd_h=yes
ac_cv_header_valgrind_memcheck_h=no
ac_cv_host=arm-unknown-linux-gnu
ac_cv_lib_dl_dlopen=yes
ac_cv_objext=o
ac_cv_path_EGREP='/usr/bin/grep -E'
ac_cv_path_GREP=/usr/bin/grep
ac_cv_path_M4=/usr/bin/m4
ac_cv_path_install='/usr/bin/install -c'
ac_cv_path_mkdir=/usr/bin/mkdir
ac_cv_prog_AR=arm-brcm-linux-uclibcgnueabi-ar
ac_cv_prog_CC=arm-brcm-linux-uclibcgnueabi-gcc
ac_cv_prog_CPP='arm-brcm-linux-uclibcgnueabi-gcc -E'
ac_cv_prog_NM=arm-brcm-linux-uclibcgnueabi-nm
ac_cv_prog_OBJDUMP=arm-brcm-linux-uclibcgnueabi-objdump
ac_cv_prog_RANLIB=arm-brcm-linux-uclibcgnueabi-ranlib
ac_cv_prog_cc_c89=
ac_cv_prog_cc_g=yes
ac_cv_prog_cxx_g=yes
ac_cv_prog_make_make_set=yes
ac_cv_search_clock_gettime='none required'
ac_cv_sizeof_long=4
ac_cv_sizeof_size_t=4
ac_cv_type_size_t=yes
ac_cv_type_uid_t=yes
ac_cv_working_alloca_h=yes
gmp_cv_prog_exeext_for_build=
lsh_cv_c_attribute=yes
lsh_cv_sys_ccpic=-fpic
nettle_cv_asm_align_log=yes
nettle_cv_asm_coff_type=no
nettle_cv_asm_gnu_stack=yes
nettle_cv_asm_type_hash_function=yes
nettle_cv_asm_type_percent_function=yes
nettle_cv_asm_underscore=no
nettle_cv_c_builtin_bswap64=yes
nettle_cv_fcntl_locking=yes
nettle_cv_gmp_numb_bits=32
nettle_cv_link_ifunc=no

## ----------------- ##
## Output variables. ##
## ----------------- ##

ALLOCA=''
AR='arm-brcm-linux-uclibcgnueabi-ar'
ASM_ALIGN_LOG='yes'
ASM_COFF_STYLE='no'
ASM_ELF_STYLE='yes'
ASM_MARK_NOEXEC_STACK='.section .note.GNU-stack,"",TYPE_PROGBITS'
ASM_RODATA='.section .rodata'
ASM_SYMBOL_PREFIX=''
ASM_TYPE_FUNCTION='%function'
ASM_TYPE_PROGBITS='%progbits'
ASM_WORDS_BIGENDIAN='no'
BENCH_LIBS=''
CC='arm-brcm-linux-uclibcgnueabi-gcc'
CCPIC='-fpic'
CC_FOR_BUILD='gcc -O -g'
CFLAGS='-O2 -Wall -DLINUX26 -DCONFIG_BCMWL5 -DDEBUG_NOISY -DDEBUG_RCTEST -pipe -DBCMWPA2 -DBCMARM -fno-strict-aliasing -marm -DRTCONFIG_NVRAM_64K -DLINUX_KERNEL_VERSION=132644  -fPIC -ffunction-sections -fdata-sections -ggdb3 -Wno-pointer-sign -Wall -W   -Wmissing-prototypes -Wmissing-declarations -Wstrict-prototypes   -Wpointer-arith -Wbad-function-cast -Wnested-externs'
CPP='arm-brcm-linux-uclibcgnueabi-gcc -E'
CPPFLAGS='-I/home/id/asuswrt-merlin-tenda/release/src-rt-6.x.4708/router/gmp'
CXX='arm-brcm-linux-uclibcgnueabi-g++'
CXXFLAGS='-g -O2'
DEFS='-DHAVE_CONFIG_H'
DEP_FLAGS='-MT $@ -MD -MP -MF $@.d'
DEP_INCLUDE='include '
DEP_PROCESS='true'
ECHO_C=''
ECHO_N='-n'
ECHO_T=''
EGREP='/usr/bin/grep -E'
EMULATOR=''
EXEEXT=''
EXEEXT_FOR_BUILD=''
EXTRA_HOGWEED_LINKER_FLAGS='-Wl,--version-script=libhogweed.map'
EXTRA_LINKER_FLAGS='-Wl,--version-script=libnettle.map'
GMP_NUMB_BITS='32'
GREP='/usr/bin/grep'
HOGWEED_EXTRA_SYMBOLS='mpz_*;gmp_*;mpn_*;mp_*;'
IF_ASM=''
IF_CXX=''
IF_DLL='#'
IF_DLOPEN_TEST='#'
IF_DOCUMENTATION='#'
IF_HOGWEED=''
IF_MINI_GMP=''
IF_NOT_SHARED=''
IF_SHARED='#'
IF_STATIC=''
INSTALL_DATA='${INSTALL} -m 644'
INSTALL_PROGRAM='${INSTALL}'
INSTALL_SCRIPT='${INSTALL}'
LDFLAGS='-L/home/id/asuswrt-merlin-tenda/release/src-rt-6.x.4708/router/gmp/.libs -ffunction-sections -fdata-sections -Wl,--gc-sections -fPIC'
LIBHOGWEED_FILE='$(LIBHOGWEED_SONAME).$(LIBHOGWEED_MINOR)'
LIBHOGWEED_FILE_SRC='$(LIBHOGWEED_FORLINK)'
LIBHOGWEED_FORLINK='libhogweed.so'
LIBHOGWEED_LIBS='libnettle.so $(LIBS)'
LIBHOGWEED_LINK='$(CC) $(CFLAGS) $(LDFLAGS) -shared -Wl,-soname=$(LIBHOGWEED_SONAME)'
LIBHOGWEED_MAJOR='5'
LIBHOGWEED_MINOR='0'
LIBHOGWEED_SONAME='$(LIBHOGWEED_FORLINK).$(LIBHOGWEED_MAJOR)'
LIBNETTLE_FILE='$(LIBNETTLE_SONAME).$(LIBNETTLE_MINOR)'
LIBNETTLE_FILE_SRC='$(LIBNETTLE_FORLINK)'
LIBNETTLE_FORLINK='libnettle.so'
LIBNETTLE_LIBS=''
LIBNETTLE_LINK='$(CC) $(CFLAGS) $(LDFLAGS) -shared -Wl,-soname=$(LIBNETTLE_SONAME)'
LIBNETTLE_MAJOR='7'
LIBNETTLE_MINOR='0'
LIBNETTLE_SONAME='$(LIBNETTLE_FORLINK).$(LIBNETTLE_MAJOR)'
LIBOBJS=''
LIBS=''
LN_S='ln -s'
LTLIBOBJS=''
M4='/usr/bin/m4'
MAJOR_VERSION='3'
MAKEINFO=''
MINOR_VERSION='5'
MKDIR_P='/usr/bin/mkdir -p'
NETTLE_USE_MINI_GMP='1'
NM='arm-brcm-linux-uclibcgnueabi-nm'
NUMB_BITS='32'
OBJDUMP='arm-brcm-linux-uclibcgnueabi-objdump'
OBJEXT='o'
OPENSSL_LIBFLAGS=''
OPT_HOGWEED_OBJS=' ecc-192-modp.$(OBJEXT) ecc-224-modp.$(OBJEXT) ecc-256-redc.$(OBJEXT) ecc-384-modp.$(OBJEXT) ecc-521-modp.$(OBJEXT)'
OPT_NETTLE_OBJS=''
OPT_NETTLE_SOURCES=''
PACKAGE_BUGREPORT='nettle-bugs@lists.lysator.liu.se'
PACKAGE_NAME='nettle'
PACKAGE_STRING='nettle 3.5.1'
PACKAGE_TARNAME='nettle'
PACKAGE_URL=''
PACKAGE_VERSION='3.5.1'
PATH_SEPARATOR=':'
RANLIB='arm-brcm-linux-uclibcgnueabi-ranlib'
SET_MAKE=''
SHELL='/bin/sh'
W64_ABI='no'
ac_ct_CC=''
ac_ct_CXX=''
bindir='${exec_prefix}/bin'
build='x86_64-pc-linux-uclibc'
build_alias=''
build_cpu='x86_64'
build_os='linux-uclibc'
build_vendor='pc'
datadir='${datarootdir}'
datarootdir='${prefix}/share'
docdir='${datarootdir}/doc/${PACKAGE_TARNAME}'
dvidir='${docdir}'
exec_prefix='${prefix}'
host='arm-unknown-linux-gnu'
host_alias='arm-linux'
host_cpu='arm'
host_os='linux-gnu'
host_vendor='unknown'
htmldir='${docdir}'
includedir='${prefix}/include'
infodir='${datarootdir}/info'
libdir='${exec_prefix}/lib'
libexecdir='${exec_prefix}/libexec'
localedir='${datarootdir}/locale'
localstatedir='${prefix}/var'
mandir='${datarootdir}/man'
oldincludedir='/usr/include'
pdfdir='${docdir}'
prefix='/home/id/asuswrt-merlin-tenda/release/src-rt-6.x.4708/router/nettle'
program_transform_name='s,x,x,'
psdir='${docdir}'
sbindir='${exec_prefix}/sbin'
sharedstatedir='${prefix}/com'
sysconfdir='${prefix}/etc'
target_alias=''

## ----------- ##
## confdefs.h. ##
## ----------- ##

/* confdefs.h */
#define PACKAGE_NAME "nettle"
#define PACKAGE_TARNAME "nettle"
#define PACKAGE_VERSION "3.5.1"
#define PACKAGE_STRING "nettle 3.5.1"
#define PACKAGE_BUGREPORT "nettle-bugs@lists.lysator.liu.se"
#define PACKAGE_URL ""
#define STDC_HEADERS 1
#define HAVE_SYS_TYPES_H 1
#define HAVE_SYS_STAT_H 1
#define HAVE_STDLIB_H 1
#define HAVE_STRING_H 1
#define HAVE_MEMORY_H 1
#define HAVE_STRINGS_H 1
#define HAVE_INTTYPES_H 1
#define HAVE_STDINT_H 1
#define HAVE_UNISTD_H 1
#define TIME_WITH_SYS_TIME 1
#define SIZEOF_LONG 4
#define SIZEOF_SIZE_T 4
#define HAVE_OPENSSL_EVP_H 1
#define HAVE_OPENSSL_ECDSA_H 1
#define HAVE_DLFCN_H 1
#define HAVE_LIBDL 1
#define HAVE_ALLOCA_H 1
#define HAVE_ALLOCA 1
#define HAVE_MALLOC_H 1
#define HAVE_STRERROR 1
#define HAVE_GETLINE 1
#define HAVE_BUILTIN_BSWAP64 1
#define HAVE_GCC_ATTRIBUTE 1
#define HAVE_FCNTL_LOCKING 1
#define HAVE_NATIVE_ecc_192_modp 1
#define HAVE_NATIVE_ecc_224_modp 1
#define HAVE_NATIVE_ecc_256_redc 1
#define HAVE_NATIVE_ecc_384_modp 1
#define HAVE_NATIVE_ecc_521_modp 1
#define WITH_HOGWEED 1
#define HAVE_CLOCK_GETTIME 1

configure: exit 0

## ---------------------- ##
## Running config.status. ##
## ---------------------- ##

This file was extended by nettle config.status 3.5.1, which was
generated by GNU Autoconf 2.69.  Invocation command line was

  CONFIG_FILES    = 
  CONFIG_HEADERS  = 
  CONFIG_LINKS    = 
  CONFIG_COMMANDS = 
  $ ./config.status config.h

on VM_Centos9

config.status:927: creating config.h
config.status:1108: config.h is unchanged
