Determining if the include file sys/limits.h exists failed with the following output:
Change Dir: /home/id/asuswrt-merlin/release/src/router/getdns/build/CMakeFiles/CMakeTmp

Run Build Command:"/usr/bin/gmake" "cmTC_d3eca/fast"
gmake[4]: Entering directory '/home/id/asuswrt-merlin/release/src/router/getdns/build/CMakeFiles/CMakeTmp'
/usr/bin/gmake -f CMakeFiles/cmTC_d3eca.dir/build.make CMakeFiles/cmTC_d3eca.dir/build
gmake[5]: Entering directory '/home/id/asuswrt-merlin/release/src/router/getdns/build/CMakeFiles/CMakeTmp'
Building C object CMakeFiles/cmTC_d3eca.dir/CheckIncludeFile.c.o
/opt/brcm-arm/bin/arm-brcm-linux-uclibcgnueabi-gcc   -Os -DNDEBUG -ffunction-sections -fdata-sections -DLINUX26 -DCONFIG_BCMWL5 -DDEBUG_NOISY -DDEBUG_RCTEST -pipe -DBCMWPA2 -DBCMARM -fno-strict-aliasing -marm -DRTCONFIG_NVRAM_64K -DLINUX_KERNEL_VERSION=132644 -D_POSIX_C_SOURCE=200112L -D_XOPEN_SOURCE=600 -D_BSD_SOURCE -D_DEFAULT_SOURCE    -o CMakeFiles/cmTC_d3eca.dir/CheckIncludeFile.c.o   -c /home/id/asuswrt-merlin/release/src/router/getdns/build/CMakeFiles/CMakeTmp/CheckIncludeFile.c
/home/id/asuswrt-merlin/release/src/router/getdns/build/CMakeFiles/CMakeTmp/CheckIncludeFile.c:1:24: fatal error: sys/limits.h: No such file or directory
compilation terminated.
gmake[5]: *** [CMakeFiles/cmTC_d3eca.dir/build.make:66: CMakeFiles/cmTC_d3eca.dir/CheckIncludeFile.c.o] Error 1
gmake[5]: Leaving directory '/home/id/asuswrt-merlin/release/src/router/getdns/build/CMakeFiles/CMakeTmp'
gmake[4]: *** [Makefile:126: cmTC_d3eca/fast] Error 2
gmake[4]: Leaving directory '/home/id/asuswrt-merlin/release/src/router/getdns/build/CMakeFiles/CMakeTmp'


Determining if the include file resource.h exists failed with the following output:
Change Dir: /home/id/asuswrt-merlin/release/src/router/getdns/build/CMakeFiles/CMakeTmp

Run Build Command:"/usr/bin/gmake" "cmTC_08421/fast"
gmake[4]: Entering directory '/home/id/asuswrt-merlin/release/src/router/getdns/build/CMakeFiles/CMakeTmp'
/usr/bin/gmake -f CMakeFiles/cmTC_08421.dir/build.make CMakeFiles/cmTC_08421.dir/build
gmake[5]: Entering directory '/home/id/asuswrt-merlin/release/src/router/getdns/build/CMakeFiles/CMakeTmp'
Building C object CMakeFiles/cmTC_08421.dir/CheckIncludeFile.c.o
/opt/brcm-arm/bin/arm-brcm-linux-uclibcgnueabi-gcc   -Os -DNDEBUG -ffunction-sections -fdata-sections -DLINUX26 -DCONFIG_BCMWL5 -DDEBUG_NOISY -DDEBUG_RCTEST -pipe -DBCMWPA2 -DBCMARM -fno-strict-aliasing -marm -DRTCONFIG_NVRAM_64K -DLINUX_KERNEL_VERSION=132644 -D_POSIX_C_SOURCE=200112L -D_XOPEN_SOURCE=600 -D_BSD_SOURCE -D_DEFAULT_SOURCE    -o CMakeFiles/cmTC_08421.dir/CheckIncludeFile.c.o   -c /home/id/asuswrt-merlin/release/src/router/getdns/build/CMakeFiles/CMakeTmp/CheckIncludeFile.c
/home/id/asuswrt-merlin/release/src/router/getdns/build/CMakeFiles/CMakeTmp/CheckIncludeFile.c:1:22: fatal error: resource.h: No such file or directory
compilation terminated.
gmake[5]: *** [CMakeFiles/cmTC_08421.dir/build.make:66: CMakeFiles/cmTC_08421.dir/CheckIncludeFile.c.o] Error 1
gmake[5]: Leaving directory '/home/id/asuswrt-merlin/release/src/router/getdns/build/CMakeFiles/CMakeTmp'
gmake[4]: *** [Makefile:126: cmTC_08421/fast] Error 2
gmake[4]: Leaving directory '/home/id/asuswrt-merlin/release/src/router/getdns/build/CMakeFiles/CMakeTmp'


Determining if the include file windows.h exists failed with the following output:
Change Dir: /home/id/asuswrt-merlin/release/src/router/getdns/build/CMakeFiles/CMakeTmp

Run Build Command:"/usr/bin/gmake" "cmTC_c244f/fast"
gmake[4]: Entering directory '/home/id/asuswrt-merlin/release/src/router/getdns/build/CMakeFiles/CMakeTmp'
/usr/bin/gmake -f CMakeFiles/cmTC_c244f.dir/build.make CMakeFiles/cmTC_c244f.dir/build
gmake[5]: Entering directory '/home/id/asuswrt-merlin/release/src/router/getdns/build/CMakeFiles/CMakeTmp'
Building C object CMakeFiles/cmTC_c244f.dir/CheckIncludeFile.c.o
/opt/brcm-arm/bin/arm-brcm-linux-uclibcgnueabi-gcc   -Os -DNDEBUG -ffunction-sections -fdata-sections -DLINUX26 -DCONFIG_BCMWL5 -DDEBUG_NOISY -DDEBUG_RCTEST -pipe -DBCMWPA2 -DBCMARM -fno-strict-aliasing -marm -DRTCONFIG_NVRAM_64K -DLINUX_KERNEL_VERSION=132644 -D_POSIX_C_SOURCE=200112L -D_XOPEN_SOURCE=600 -D_BSD_SOURCE -D_DEFAULT_SOURCE    -o CMakeFiles/cmTC_c244f.dir/CheckIncludeFile.c.o   -c /home/id/asuswrt-merlin/release/src/router/getdns/build/CMakeFiles/CMakeTmp/CheckIncludeFile.c
/home/id/asuswrt-merlin/release/src/router/getdns/build/CMakeFiles/CMakeTmp/CheckIncludeFile.c:1:21: fatal error: windows.h: No such file or directory
compilation terminated.
gmake[5]: *** [CMakeFiles/cmTC_c244f.dir/build.make:66: CMakeFiles/cmTC_c244f.dir/CheckIncludeFile.c.o] Error 1
gmake[5]: Leaving directory '/home/id/asuswrt-merlin/release/src/router/getdns/build/CMakeFiles/CMakeTmp'
gmake[4]: *** [Makefile:126: cmTC_c244f/fast] Error 2
gmake[4]: Leaving directory '/home/id/asuswrt-merlin/release/src/router/getdns/build/CMakeFiles/CMakeTmp'


Determining if the include file winsock.h exists failed with the following output:
Change Dir: /home/id/asuswrt-merlin/release/src/router/getdns/build/CMakeFiles/CMakeTmp

Run Build Command:"/usr/bin/gmake" "cmTC_94133/fast"
gmake[4]: Entering directory '/home/id/asuswrt-merlin/release/src/router/getdns/build/CMakeFiles/CMakeTmp'
/usr/bin/gmake -f CMakeFiles/cmTC_94133.dir/build.make CMakeFiles/cmTC_94133.dir/build
gmake[5]: Entering directory '/home/id/asuswrt-merlin/release/src/router/getdns/build/CMakeFiles/CMakeTmp'
Building C object CMakeFiles/cmTC_94133.dir/CheckIncludeFile.c.o
/opt/brcm-arm/bin/arm-brcm-linux-uclibcgnueabi-gcc   -Os -DNDEBUG -ffunction-sections -fdata-sections -DLINUX26 -DCONFIG_BCMWL5 -DDEBUG_NOISY -DDEBUG_RCTEST -pipe -DBCMWPA2 -DBCMARM -fno-strict-aliasing -marm -DRTCONFIG_NVRAM_64K -DLINUX_KERNEL_VERSION=132644 -D_POSIX_C_SOURCE=200112L -D_XOPEN_SOURCE=600 -D_BSD_SOURCE -D_DEFAULT_SOURCE    -o CMakeFiles/cmTC_94133.dir/CheckIncludeFile.c.o   -c /home/id/asuswrt-merlin/release/src/router/getdns/build/CMakeFiles/CMakeTmp/CheckIncludeFile.c
/home/id/asuswrt-merlin/release/src/router/getdns/build/CMakeFiles/CMakeTmp/CheckIncludeFile.c:1:21: fatal error: winsock.h: No such file or directory
compilation terminated.
gmake[5]: *** [CMakeFiles/cmTC_94133.dir/build.make:66: CMakeFiles/cmTC_94133.dir/CheckIncludeFile.c.o] Error 1
gmake[5]: Leaving directory '/home/id/asuswrt-merlin/release/src/router/getdns/build/CMakeFiles/CMakeTmp'
gmake[4]: *** [Makefile:126: cmTC_94133/fast] Error 2
gmake[4]: Leaving directory '/home/id/asuswrt-merlin/release/src/router/getdns/build/CMakeFiles/CMakeTmp'


Determining if the include file winsock2.h exists failed with the following output:
Change Dir: /home/id/asuswrt-merlin/release/src/router/getdns/build/CMakeFiles/CMakeTmp

Run Build Command:"/usr/bin/gmake" "cmTC_a8b85/fast"
gmake[4]: Entering directory '/home/id/asuswrt-merlin/release/src/router/getdns/build/CMakeFiles/CMakeTmp'
/usr/bin/gmake -f CMakeFiles/cmTC_a8b85.dir/build.make CMakeFiles/cmTC_a8b85.dir/build
gmake[5]: Entering directory '/home/id/asuswrt-merlin/release/src/router/getdns/build/CMakeFiles/CMakeTmp'
Building C object CMakeFiles/cmTC_a8b85.dir/CheckIncludeFile.c.o
/opt/brcm-arm/bin/arm-brcm-linux-uclibcgnueabi-gcc   -Os -DNDEBUG -ffunction-sections -fdata-sections -DLINUX26 -DCONFIG_BCMWL5 -DDEBUG_NOISY -DDEBUG_RCTEST -pipe -DBCMWPA2 -DBCMARM -fno-strict-aliasing -marm -DRTCONFIG_NVRAM_64K -DLINUX_KERNEL_VERSION=132644 -D_POSIX_C_SOURCE=200112L -D_XOPEN_SOURCE=600 -D_BSD_SOURCE -D_DEFAULT_SOURCE    -o CMakeFiles/cmTC_a8b85.dir/CheckIncludeFile.c.o   -c /home/id/asuswrt-merlin/release/src/router/getdns/build/CMakeFiles/CMakeTmp/CheckIncludeFile.c
/home/id/asuswrt-merlin/release/src/router/getdns/build/CMakeFiles/CMakeTmp/CheckIncludeFile.c:1:22: fatal error: winsock2.h: No such file or directory
compilation terminated.
gmake[5]: *** [CMakeFiles/cmTC_a8b85.dir/build.make:66: CMakeFiles/cmTC_a8b85.dir/CheckIncludeFile.c.o] Error 1
gmake[5]: Leaving directory '/home/id/asuswrt-merlin/release/src/router/getdns/build/CMakeFiles/CMakeTmp'
gmake[4]: *** [Makefile:126: cmTC_a8b85/fast] Error 2
gmake[4]: Leaving directory '/home/id/asuswrt-merlin/release/src/router/getdns/build/CMakeFiles/CMakeTmp'


Determining if the include file ws2tcpip.h exists failed with the following output:
Change Dir: /home/id/asuswrt-merlin/release/src/router/getdns/build/CMakeFiles/CMakeTmp

Run Build Command:"/usr/bin/gmake" "cmTC_c41c7/fast"
gmake[4]: Entering directory '/home/id/asuswrt-merlin/release/src/router/getdns/build/CMakeFiles/CMakeTmp'
/usr/bin/gmake -f CMakeFiles/cmTC_c41c7.dir/build.make CMakeFiles/cmTC_c41c7.dir/build
gmake[5]: Entering directory '/home/id/asuswrt-merlin/release/src/router/getdns/build/CMakeFiles/CMakeTmp'
Building C object CMakeFiles/cmTC_c41c7.dir/CheckIncludeFile.c.o
/opt/brcm-arm/bin/arm-brcm-linux-uclibcgnueabi-gcc   -Os -DNDEBUG -ffunction-sections -fdata-sections -DLINUX26 -DCONFIG_BCMWL5 -DDEBUG_NOISY -DDEBUG_RCTEST -pipe -DBCMWPA2 -DBCMARM -fno-strict-aliasing -marm -DRTCONFIG_NVRAM_64K -DLINUX_KERNEL_VERSION=132644 -D_POSIX_C_SOURCE=200112L -D_XOPEN_SOURCE=600 -D_BSD_SOURCE -D_DEFAULT_SOURCE    -o CMakeFiles/cmTC_c41c7.dir/CheckIncludeFile.c.o   -c /home/id/asuswrt-merlin/release/src/router/getdns/build/CMakeFiles/CMakeTmp/CheckIncludeFile.c
/home/id/asuswrt-merlin/release/src/router/getdns/build/CMakeFiles/CMakeTmp/CheckIncludeFile.c:1:22: fatal error: ws2tcpip.h: No such file or directory
compilation terminated.
gmake[5]: *** [CMakeFiles/cmTC_c41c7.dir/build.make:66: CMakeFiles/cmTC_c41c7.dir/CheckIncludeFile.c.o] Error 1
gmake[5]: Leaving directory '/home/id/asuswrt-merlin/release/src/router/getdns/build/CMakeFiles/CMakeTmp'
gmake[4]: *** [Makefile:126: cmTC_c41c7/fast] Error 2
gmake[4]: Leaving directory '/home/id/asuswrt-merlin/release/src/router/getdns/build/CMakeFiles/CMakeTmp'


Determining if the getentropy exist failed with the following output:
Change Dir: /home/id/asuswrt-merlin/release/src/router/getdns/build/CMakeFiles/CMakeTmp

Run Build Command:"/usr/bin/gmake" "cmTC_19a0d/fast"
gmake[4]: Entering directory '/home/id/asuswrt-merlin/release/src/router/getdns/build/CMakeFiles/CMakeTmp'
/usr/bin/gmake -f CMakeFiles/cmTC_19a0d.dir/build.make CMakeFiles/cmTC_19a0d.dir/build
gmake[5]: Entering directory '/home/id/asuswrt-merlin/release/src/router/getdns/build/CMakeFiles/CMakeTmp'
Building C object CMakeFiles/cmTC_19a0d.dir/CheckSymbolExists.c.o
/opt/brcm-arm/bin/arm-brcm-linux-uclibcgnueabi-gcc   -Os -DNDEBUG -ffunction-sections -fdata-sections -DLINUX26 -DCONFIG_BCMWL5 -DDEBUG_NOISY -DDEBUG_RCTEST -pipe -DBCMWPA2 -DBCMARM -fno-strict-aliasing -marm -DRTCONFIG_NVRAM_64K -DLINUX_KERNEL_VERSION=132644 -D_POSIX_C_SOURCE=200112L -D_XOPEN_SOURCE=600 -D_BSD_SOURCE -D_DEFAULT_SOURCE    -o CMakeFiles/cmTC_19a0d.dir/CheckSymbolExists.c.o   -c /home/id/asuswrt-merlin/release/src/router/getdns/build/CMakeFiles/CMakeTmp/CheckSymbolExists.c
/home/id/asuswrt-merlin/release/src/router/getdns/build/CMakeFiles/CMakeTmp/CheckSymbolExists.c: In function ‘main’:
/home/id/asuswrt-merlin/release/src/router/getdns/build/CMakeFiles/CMakeTmp/CheckSymbolExists.c:8:19: error: ‘getentropy’ undeclared (first use in this function)
/home/id/asuswrt-merlin/release/src/router/getdns/build/CMakeFiles/CMakeTmp/CheckSymbolExists.c:8:19: note: each undeclared identifier is reported only once for each function it appears in
gmake[5]: *** [CMakeFiles/cmTC_19a0d.dir/build.make:66: CMakeFiles/cmTC_19a0d.dir/CheckSymbolExists.c.o] Error 1
gmake[5]: Leaving directory '/home/id/asuswrt-merlin/release/src/router/getdns/build/CMakeFiles/CMakeTmp'
gmake[4]: *** [Makefile:126: cmTC_19a0d/fast] Error 2
gmake[4]: Leaving directory '/home/id/asuswrt-merlin/release/src/router/getdns/build/CMakeFiles/CMakeTmp'

File /home/id/asuswrt-merlin/release/src/router/getdns/build/CMakeFiles/CMakeTmp/CheckSymbolExists.c:
/* */
#include <unistd.h>

int main(int argc, char** argv)
{
  (void)argv;
#ifndef getentropy
  return ((int*)(&getentropy))[argc];
#else
  (void)argc;
  return 0;
#endif
}

Determining if the function getauxval exists failed with the following output:
Change Dir: /home/id/asuswrt-merlin/release/src/router/getdns/build/CMakeFiles/CMakeTmp

Run Build Command:"/usr/bin/gmake" "cmTC_fdc22/fast"
gmake[4]: Entering directory '/home/id/asuswrt-merlin/release/src/router/getdns/build/CMakeFiles/CMakeTmp'
/usr/bin/gmake -f CMakeFiles/cmTC_fdc22.dir/build.make CMakeFiles/cmTC_fdc22.dir/build
gmake[5]: Entering directory '/home/id/asuswrt-merlin/release/src/router/getdns/build/CMakeFiles/CMakeTmp'
Building C object CMakeFiles/cmTC_fdc22.dir/CheckFunctionExists.c.o
/opt/brcm-arm/bin/arm-brcm-linux-uclibcgnueabi-gcc   -Os -DNDEBUG -ffunction-sections -fdata-sections -DLINUX26 -DCONFIG_BCMWL5 -DDEBUG_NOISY -DDEBUG_RCTEST -pipe -DBCMWPA2 -DBCMARM -fno-strict-aliasing -marm -DRTCONFIG_NVRAM_64K -DLINUX_KERNEL_VERSION=132644 -D_POSIX_C_SOURCE=200112L -D_XOPEN_SOURCE=600 -D_BSD_SOURCE -D_DEFAULT_SOURCE -DCHECK_FUNCTION_EXISTS=getauxval   -o CMakeFiles/cmTC_fdc22.dir/CheckFunctionExists.c.o   -c /usr/share/cmake/Modules/CheckFunctionExists.c
Linking C executable cmTC_fdc22
/usr/bin/cmake -E cmake_link_script CMakeFiles/cmTC_fdc22.dir/link.txt --verbose=1
/opt/brcm-arm/bin/arm-brcm-linux-uclibcgnueabi-gcc -Os -DNDEBUG -ffunction-sections -fdata-sections -DLINUX26 -DCONFIG_BCMWL5 -DDEBUG_NOISY -DDEBUG_RCTEST -pipe -DBCMWPA2 -DBCMARM -fno-strict-aliasing -marm -DRTCONFIG_NVRAM_64K -DLINUX_KERNEL_VERSION=132644 -D_POSIX_C_SOURCE=200112L -D_XOPEN_SOURCE=600 -D_BSD_SOURCE -D_DEFAULT_SOURCE -DCHECK_FUNCTION_EXISTS=getauxval  -Wl,--gc-sections -lgcc_s -lpthread  CMakeFiles/cmTC_fdc22.dir/CheckFunctionExists.c.o  -o cmTC_fdc22 
CMakeFiles/cmTC_fdc22.dir/CheckFunctionExists.c.o: In function `main':
CheckFunctionExists.c:(.text.main+0xc): undefined reference to `getauxval'
collect2: ld returned 1 exit status
gmake[5]: *** [CMakeFiles/cmTC_fdc22.dir/build.make:87: cmTC_fdc22] Error 1
gmake[5]: Leaving directory '/home/id/asuswrt-merlin/release/src/router/getdns/build/CMakeFiles/CMakeTmp'
gmake[4]: *** [Makefile:126: cmTC_fdc22/fast] Error 2
gmake[4]: Leaving directory '/home/id/asuswrt-merlin/release/src/router/getdns/build/CMakeFiles/CMakeTmp'


Determining if the function ioctlsocket exists failed with the following output:
Change Dir: /home/id/asuswrt-merlin/release/src/router/getdns/build/CMakeFiles/CMakeTmp

Run Build Command:"/usr/bin/gmake" "cmTC_07010/fast"
gmake[4]: Entering directory '/home/id/asuswrt-merlin/release/src/router/getdns/build/CMakeFiles/CMakeTmp'
/usr/bin/gmake -f CMakeFiles/cmTC_07010.dir/build.make CMakeFiles/cmTC_07010.dir/build
gmake[5]: Entering directory '/home/id/asuswrt-merlin/release/src/router/getdns/build/CMakeFiles/CMakeTmp'
Building C object CMakeFiles/cmTC_07010.dir/CheckFunctionExists.c.o
/opt/brcm-arm/bin/arm-brcm-linux-uclibcgnueabi-gcc   -Os -DNDEBUG -ffunction-sections -fdata-sections -DLINUX26 -DCONFIG_BCMWL5 -DDEBUG_NOISY -DDEBUG_RCTEST -pipe -DBCMWPA2 -DBCMARM -fno-strict-aliasing -marm -DRTCONFIG_NVRAM_64K -DLINUX_KERNEL_VERSION=132644 -D_POSIX_C_SOURCE=200112L -D_XOPEN_SOURCE=600 -D_BSD_SOURCE -D_DEFAULT_SOURCE -DCHECK_FUNCTION_EXISTS=ioctlsocket   -o CMakeFiles/cmTC_07010.dir/CheckFunctionExists.c.o   -c /usr/share/cmake/Modules/CheckFunctionExists.c
Linking C executable cmTC_07010
/usr/bin/cmake -E cmake_link_script CMakeFiles/cmTC_07010.dir/link.txt --verbose=1
/opt/brcm-arm/bin/arm-brcm-linux-uclibcgnueabi-gcc -Os -DNDEBUG -ffunction-sections -fdata-sections -DLINUX26 -DCONFIG_BCMWL5 -DDEBUG_NOISY -DDEBUG_RCTEST -pipe -DBCMWPA2 -DBCMARM -fno-strict-aliasing -marm -DRTCONFIG_NVRAM_64K -DLINUX_KERNEL_VERSION=132644 -D_POSIX_C_SOURCE=200112L -D_XOPEN_SOURCE=600 -D_BSD_SOURCE -D_DEFAULT_SOURCE -DCHECK_FUNCTION_EXISTS=ioctlsocket  -Wl,--gc-sections -lgcc_s -lpthread  CMakeFiles/cmTC_07010.dir/CheckFunctionExists.c.o  -o cmTC_07010 
CMakeFiles/cmTC_07010.dir/CheckFunctionExists.c.o: In function `main':
CheckFunctionExists.c:(.text.main+0xc): undefined reference to `ioctlsocket'
collect2: ld returned 1 exit status
gmake[5]: *** [CMakeFiles/cmTC_07010.dir/build.make:87: cmTC_07010] Error 1
gmake[5]: Leaving directory '/home/id/asuswrt-merlin/release/src/router/getdns/build/CMakeFiles/CMakeTmp'
gmake[4]: *** [Makefile:126: cmTC_07010/fast] Error 2
gmake[4]: Leaving directory '/home/id/asuswrt-merlin/release/src/router/getdns/build/CMakeFiles/CMakeTmp'


Determining size of _sigset_t failed with the following output:
Change Dir: /home/id/asuswrt-merlin/release/src/router/getdns/build/CMakeFiles/CMakeTmp

Run Build Command:"/usr/bin/gmake" "cmTC_f13e0/fast"
gmake[4]: Entering directory '/home/id/asuswrt-merlin/release/src/router/getdns/build/CMakeFiles/CMakeTmp'
/usr/bin/gmake -f CMakeFiles/cmTC_f13e0.dir/build.make CMakeFiles/cmTC_f13e0.dir/build
gmake[5]: Entering directory '/home/id/asuswrt-merlin/release/src/router/getdns/build/CMakeFiles/CMakeTmp'
Building C object CMakeFiles/cmTC_f13e0.dir/_SIGSET_T.c.o
/opt/brcm-arm/bin/arm-brcm-linux-uclibcgnueabi-gcc   -Os -DNDEBUG -ffunction-sections -fdata-sections -DLINUX26 -DCONFIG_BCMWL5 -DDEBUG_NOISY -DDEBUG_RCTEST -pipe -DBCMWPA2 -DBCMARM -fno-strict-aliasing -marm -DRTCONFIG_NVRAM_64K -DLINUX_KERNEL_VERSION=132644 -D_POSIX_C_SOURCE=200112L -D_XOPEN_SOURCE=600 -D_BSD_SOURCE -D_DEFAULT_SOURCE    -o CMakeFiles/cmTC_f13e0.dir/_SIGSET_T.c.o   -c /home/id/asuswrt-merlin/release/src/router/getdns/build/CMakeFiles/CheckTypeSize/_SIGSET_T.c
/home/id/asuswrt-merlin/release/src/router/getdns/build/CMakeFiles/CheckTypeSize/_SIGSET_T.c:25:12: error: ‘_sigset_t’ undeclared here (not in a function)
gmake[5]: *** [CMakeFiles/cmTC_f13e0.dir/build.make:66: CMakeFiles/cmTC_f13e0.dir/_SIGSET_T.c.o] Error 1
gmake[5]: Leaving directory '/home/id/asuswrt-merlin/release/src/router/getdns/build/CMakeFiles/CMakeTmp'
gmake[4]: *** [Makefile:126: cmTC_f13e0/fast] Error 2
gmake[4]: Leaving directory '/home/id/asuswrt-merlin/release/src/router/getdns/build/CMakeFiles/CMakeTmp'

/home/id/asuswrt-merlin/release/src/router/getdns/build/CMakeFiles/CheckTypeSize/_SIGSET_T.c:
#include <sys/types.h>
#include <stdint.h>
#include <stddef.h>


#undef KEY
#if defined(__i386)
# define KEY '_','_','i','3','8','6'
#elif defined(__x86_64)
# define KEY '_','_','x','8','6','_','6','4'
#elif defined(__ppc__)
# define KEY '_','_','p','p','c','_','_'
#elif defined(__ppc64__)
# define KEY '_','_','p','p','c','6','4','_','_'
#elif defined(__aarch64__)
# define KEY '_','_','a','a','r','c','h','6','4','_','_'
#elif defined(__ARM_ARCH_7A__)
# define KEY '_','_','A','R','M','_','A','R','C','H','_','7','A','_','_'
#elif defined(__ARM_ARCH_7S__)
# define KEY '_','_','A','R','M','_','A','R','C','H','_','7','S','_','_'
#endif

#define SIZE (sizeof(_sigset_t))
char info_size[] =  {'I', 'N', 'F', 'O', ':', 's','i','z','e','[',
  ('0' + ((SIZE / 10000)%10)),
  ('0' + ((SIZE / 1000)%10)),
  ('0' + ((SIZE / 100)%10)),
  ('0' + ((SIZE / 10)%10)),
  ('0' +  (SIZE    % 10)),
  ']',
#ifdef KEY
  ' ','k','e','y','[', KEY, ']',
#endif
  '\0'};

#ifdef __CLASSIC_C__
int main(argc, argv) int argc; char *argv[];
#else
int main(int argc, char *argv[])
#endif
{
  int require = 0;
  require += info_size[argc];
  (void)argv;
  return require;
}


Determining if the function EVP_dss1 exists failed with the following output:
Change Dir: /home/id/asuswrt-merlin/release/src/router/getdns/build/CMakeFiles/CMakeTmp

Run Build Command:"/usr/bin/gmake" "cmTC_3accd/fast"
gmake[4]: Entering directory '/home/id/asuswrt-merlin/release/src/router/getdns/build/CMakeFiles/CMakeTmp'
/usr/bin/gmake -f CMakeFiles/cmTC_3accd.dir/build.make CMakeFiles/cmTC_3accd.dir/build
gmake[5]: Entering directory '/home/id/asuswrt-merlin/release/src/router/getdns/build/CMakeFiles/CMakeTmp'
Building C object CMakeFiles/cmTC_3accd.dir/CheckFunctionExists.c.o
/opt/brcm-arm/bin/arm-brcm-linux-uclibcgnueabi-gcc  -I/home/id/asuswrt-merlin/release/src-rt-6.x.4708/router/openssl-1.1/include  -Os -DNDEBUG -ffunction-sections -fdata-sections -DLINUX26 -DCONFIG_BCMWL5 -DDEBUG_NOISY -DDEBUG_RCTEST -pipe -DBCMWPA2 -DBCMARM -fno-strict-aliasing -marm -DRTCONFIG_NVRAM_64K -DLINUX_KERNEL_VERSION=132644 -D_POSIX_C_SOURCE=200112L -D_XOPEN_SOURCE=600 -D_BSD_SOURCE -D_DEFAULT_SOURCE -DCHECK_FUNCTION_EXISTS=EVP_dss1   -o CMakeFiles/cmTC_3accd.dir/CheckFunctionExists.c.o   -c /usr/share/cmake/Modules/CheckFunctionExists.c
Linking C executable cmTC_3accd
/usr/bin/cmake -E cmake_link_script CMakeFiles/cmTC_3accd.dir/link.txt --verbose=1
/opt/brcm-arm/bin/arm-brcm-linux-uclibcgnueabi-gcc -Os -DNDEBUG -ffunction-sections -fdata-sections -DLINUX26 -DCONFIG_BCMWL5 -DDEBUG_NOISY -DDEBUG_RCTEST -pipe -DBCMWPA2 -DBCMARM -fno-strict-aliasing -marm -DRTCONFIG_NVRAM_64K -DLINUX_KERNEL_VERSION=132644 -D_POSIX_C_SOURCE=200112L -D_XOPEN_SOURCE=600 -D_BSD_SOURCE -D_DEFAULT_SOURCE -DCHECK_FUNCTION_EXISTS=EVP_dss1  -Wl,--gc-sections -lgcc_s -lpthread  CMakeFiles/cmTC_3accd.dir/CheckFunctionExists.c.o  -o cmTC_3accd -Wl,-rpath,/home/id/asuswrt-merlin/release/src-rt-6.x.4708/router/openssl-1.1 /home/id/asuswrt-merlin/release/src-rt-6.x.4708/router/openssl-1.1/libssl.so /home/id/asuswrt-merlin/release/src-rt-6.x.4708/router/openssl-1.1/libcrypto.so 
CMakeFiles/cmTC_3accd.dir/CheckFunctionExists.c.o: In function `main':
CheckFunctionExists.c:(.text.main+0xc): undefined reference to `EVP_dss1'
collect2: ld returned 1 exit status
gmake[5]: *** [CMakeFiles/cmTC_3accd.dir/build.make:89: cmTC_3accd] Error 1
gmake[5]: Leaving directory '/home/id/asuswrt-merlin/release/src/router/getdns/build/CMakeFiles/CMakeTmp'
gmake[4]: *** [Makefile:126: cmTC_3accd/fast] Error 2
gmake[4]: Leaving directory '/home/id/asuswrt-merlin/release/src/router/getdns/build/CMakeFiles/CMakeTmp'


Determining if the arc4random exist failed with the following output:
Change Dir: /home/id/asuswrt-merlin/release/src/router/getdns/build/CMakeFiles/CMakeTmp

Run Build Command:"/usr/bin/gmake" "cmTC_903fd/fast"
gmake[4]: Entering directory '/home/id/asuswrt-merlin/release/src/router/getdns/build/CMakeFiles/CMakeTmp'
/usr/bin/gmake -f CMakeFiles/cmTC_903fd.dir/build.make CMakeFiles/cmTC_903fd.dir/build
gmake[5]: Entering directory '/home/id/asuswrt-merlin/release/src/router/getdns/build/CMakeFiles/CMakeTmp'
Building C object CMakeFiles/cmTC_903fd.dir/CheckSymbolExists.c.o
/opt/brcm-arm/bin/arm-brcm-linux-uclibcgnueabi-gcc  -I/home/id/asuswrt-merlin/release/src-rt-6.x.4708/router/openssl-1.1/include  -Os -DNDEBUG -ffunction-sections -fdata-sections -DLINUX26 -DCONFIG_BCMWL5 -DDEBUG_NOISY -DDEBUG_RCTEST -pipe -DBCMWPA2 -DBCMARM -fno-strict-aliasing -marm -DRTCONFIG_NVRAM_64K -DLINUX_KERNEL_VERSION=132644 -D_POSIX_C_SOURCE=200112L -D_XOPEN_SOURCE=600 -D_BSD_SOURCE -D_DEFAULT_SOURCE    -o CMakeFiles/cmTC_903fd.dir/CheckSymbolExists.c.o   -c /home/id/asuswrt-merlin/release/src/router/getdns/build/CMakeFiles/CMakeTmp/CheckSymbolExists.c
/home/id/asuswrt-merlin/release/src/router/getdns/build/CMakeFiles/CMakeTmp/CheckSymbolExists.c: In function ‘main’:
/home/id/asuswrt-merlin/release/src/router/getdns/build/CMakeFiles/CMakeTmp/CheckSymbolExists.c:8:19: error: ‘arc4random’ undeclared (first use in this function)
/home/id/asuswrt-merlin/release/src/router/getdns/build/CMakeFiles/CMakeTmp/CheckSymbolExists.c:8:19: note: each undeclared identifier is reported only once for each function it appears in
gmake[5]: *** [CMakeFiles/cmTC_903fd.dir/build.make:66: CMakeFiles/cmTC_903fd.dir/CheckSymbolExists.c.o] Error 1
gmake[5]: Leaving directory '/home/id/asuswrt-merlin/release/src/router/getdns/build/CMakeFiles/CMakeTmp'
gmake[4]: *** [Makefile:126: cmTC_903fd/fast] Error 2
gmake[4]: Leaving directory '/home/id/asuswrt-merlin/release/src/router/getdns/build/CMakeFiles/CMakeTmp'

File /home/id/asuswrt-merlin/release/src/router/getdns/build/CMakeFiles/CMakeTmp/CheckSymbolExists.c:
/* */
#include <stdlib.h>

int main(int argc, char** argv)
{
  (void)argv;
#ifndef arc4random
  return ((int*)(&arc4random))[argc];
#else
  (void)argc;
  return 0;
#endif
}

Determining if the arc4random_uniform exist failed with the following output:
Change Dir: /home/id/asuswrt-merlin/release/src/router/getdns/build/CMakeFiles/CMakeTmp

Run Build Command:"/usr/bin/gmake" "cmTC_d922f/fast"
gmake[4]: Entering directory '/home/id/asuswrt-merlin/release/src/router/getdns/build/CMakeFiles/CMakeTmp'
/usr/bin/gmake -f CMakeFiles/cmTC_d922f.dir/build.make CMakeFiles/cmTC_d922f.dir/build
gmake[5]: Entering directory '/home/id/asuswrt-merlin/release/src/router/getdns/build/CMakeFiles/CMakeTmp'
Building C object CMakeFiles/cmTC_d922f.dir/CheckSymbolExists.c.o
/opt/brcm-arm/bin/arm-brcm-linux-uclibcgnueabi-gcc  -I/home/id/asuswrt-merlin/release/src-rt-6.x.4708/router/openssl-1.1/include  -Os -DNDEBUG -ffunction-sections -fdata-sections -DLINUX26 -DCONFIG_BCMWL5 -DDEBUG_NOISY -DDEBUG_RCTEST -pipe -DBCMWPA2 -DBCMARM -fno-strict-aliasing -marm -DRTCONFIG_NVRAM_64K -DLINUX_KERNEL_VERSION=132644 -D_POSIX_C_SOURCE=200112L -D_XOPEN_SOURCE=600 -D_BSD_SOURCE -D_DEFAULT_SOURCE    -o CMakeFiles/cmTC_d922f.dir/CheckSymbolExists.c.o   -c /home/id/asuswrt-merlin/release/src/router/getdns/build/CMakeFiles/CMakeTmp/CheckSymbolExists.c
/home/id/asuswrt-merlin/release/src/router/getdns/build/CMakeFiles/CMakeTmp/CheckSymbolExists.c: In function ‘main’:
/home/id/asuswrt-merlin/release/src/router/getdns/build/CMakeFiles/CMakeTmp/CheckSymbolExists.c:8:19: error: ‘arc4random_uniform’ undeclared (first use in this function)
/home/id/asuswrt-merlin/release/src/router/getdns/build/CMakeFiles/CMakeTmp/CheckSymbolExists.c:8:19: note: each undeclared identifier is reported only once for each function it appears in
gmake[5]: *** [CMakeFiles/cmTC_d922f.dir/build.make:66: CMakeFiles/cmTC_d922f.dir/CheckSymbolExists.c.o] Error 1
gmake[5]: Leaving directory '/home/id/asuswrt-merlin/release/src/router/getdns/build/CMakeFiles/CMakeTmp'
gmake[4]: *** [Makefile:126: cmTC_d922f/fast] Error 2
gmake[4]: Leaving directory '/home/id/asuswrt-merlin/release/src/router/getdns/build/CMakeFiles/CMakeTmp'

File /home/id/asuswrt-merlin/release/src/router/getdns/build/CMakeFiles/CMakeTmp/CheckSymbolExists.c:
/* */
#include <stdlib.h>

int main(int argc, char** argv)
{
  (void)argv;
#ifndef arc4random_uniform
  return ((int*)(&arc4random_uniform))[argc];
#else
  (void)argc;
  return 0;
#endif
}

Determining if the function arc4random exists failed with the following output:
Change Dir: /home/id/asuswrt-merlin/release/src/router/getdns/build/CMakeFiles/CMakeTmp

Run Build Command:"/usr/bin/gmake" "cmTC_e7d3f/fast"
gmake[4]: Entering directory '/home/id/asuswrt-merlin/release/src/router/getdns/build/CMakeFiles/CMakeTmp'
/usr/bin/gmake -f CMakeFiles/cmTC_e7d3f.dir/build.make CMakeFiles/cmTC_e7d3f.dir/build
gmake[5]: Entering directory '/home/id/asuswrt-merlin/release/src/router/getdns/build/CMakeFiles/CMakeTmp'
Building C object CMakeFiles/cmTC_e7d3f.dir/CheckFunctionExists.c.o
/opt/brcm-arm/bin/arm-brcm-linux-uclibcgnueabi-gcc  -I/home/id/asuswrt-merlin/release/src-rt-6.x.4708/router/openssl-1.1/include  -Os -DNDEBUG -ffunction-sections -fdata-sections -DLINUX26 -DCONFIG_BCMWL5 -DDEBUG_NOISY -DDEBUG_RCTEST -pipe -DBCMWPA2 -DBCMARM -fno-strict-aliasing -marm -DRTCONFIG_NVRAM_64K -DLINUX_KERNEL_VERSION=132644 -D_POSIX_C_SOURCE=200112L -D_XOPEN_SOURCE=600 -D_BSD_SOURCE -D_DEFAULT_SOURCE -DCHECK_FUNCTION_EXISTS=arc4random   -o CMakeFiles/cmTC_e7d3f.dir/CheckFunctionExists.c.o   -c /usr/share/cmake/Modules/CheckFunctionExists.c
Linking C executable cmTC_e7d3f
/usr/bin/cmake -E cmake_link_script CMakeFiles/cmTC_e7d3f.dir/link.txt --verbose=1
/opt/brcm-arm/bin/arm-brcm-linux-uclibcgnueabi-gcc -Os -DNDEBUG -ffunction-sections -fdata-sections -DLINUX26 -DCONFIG_BCMWL5 -DDEBUG_NOISY -DDEBUG_RCTEST -pipe -DBCMWPA2 -DBCMARM -fno-strict-aliasing -marm -DRTCONFIG_NVRAM_64K -DLINUX_KERNEL_VERSION=132644 -D_POSIX_C_SOURCE=200112L -D_XOPEN_SOURCE=600 -D_BSD_SOURCE -D_DEFAULT_SOURCE -DCHECK_FUNCTION_EXISTS=arc4random  -Wl,--gc-sections -lgcc_s -lpthread  CMakeFiles/cmTC_e7d3f.dir/CheckFunctionExists.c.o  -o cmTC_e7d3f -Wl,-rpath,/home/id/asuswrt-merlin/release/src-rt-6.x.4708/router/openssl-1.1 /home/id/asuswrt-merlin/release/src-rt-6.x.4708/router/openssl-1.1/libssl.so /home/id/asuswrt-merlin/release/src-rt-6.x.4708/router/openssl-1.1/libcrypto.so 
CMakeFiles/cmTC_e7d3f.dir/CheckFunctionExists.c.o: In function `main':
CheckFunctionExists.c:(.text.main+0xc): undefined reference to `arc4random'
collect2: ld returned 1 exit status
gmake[5]: *** [CMakeFiles/cmTC_e7d3f.dir/build.make:89: cmTC_e7d3f] Error 1
gmake[5]: Leaving directory '/home/id/asuswrt-merlin/release/src/router/getdns/build/CMakeFiles/CMakeTmp'
gmake[4]: *** [Makefile:126: cmTC_e7d3f/fast] Error 2
gmake[4]: Leaving directory '/home/id/asuswrt-merlin/release/src/router/getdns/build/CMakeFiles/CMakeTmp'


Determining if the function arc4random_uniform exists failed with the following output:
Change Dir: /home/id/asuswrt-merlin/release/src/router/getdns/build/CMakeFiles/CMakeTmp

Run Build Command:"/usr/bin/gmake" "cmTC_46b74/fast"
gmake[4]: Entering directory '/home/id/asuswrt-merlin/release/src/router/getdns/build/CMakeFiles/CMakeTmp'
/usr/bin/gmake -f CMakeFiles/cmTC_46b74.dir/build.make CMakeFiles/cmTC_46b74.dir/build
gmake[5]: Entering directory '/home/id/asuswrt-merlin/release/src/router/getdns/build/CMakeFiles/CMakeTmp'
Building C object CMakeFiles/cmTC_46b74.dir/CheckFunctionExists.c.o
/opt/brcm-arm/bin/arm-brcm-linux-uclibcgnueabi-gcc  -I/home/id/asuswrt-merlin/release/src-rt-6.x.4708/router/openssl-1.1/include  -Os -DNDEBUG -ffunction-sections -fdata-sections -DLINUX26 -DCONFIG_BCMWL5 -DDEBUG_NOISY -DDEBUG_RCTEST -pipe -DBCMWPA2 -DBCMARM -fno-strict-aliasing -marm -DRTCONFIG_NVRAM_64K -DLINUX_KERNEL_VERSION=132644 -D_POSIX_C_SOURCE=200112L -D_XOPEN_SOURCE=600 -D_BSD_SOURCE -D_DEFAULT_SOURCE -DCHECK_FUNCTION_EXISTS=arc4random_uniform   -o CMakeFiles/cmTC_46b74.dir/CheckFunctionExists.c.o   -c /usr/share/cmake/Modules/CheckFunctionExists.c
Linking C executable cmTC_46b74
/usr/bin/cmake -E cmake_link_script CMakeFiles/cmTC_46b74.dir/link.txt --verbose=1
/opt/brcm-arm/bin/arm-brcm-linux-uclibcgnueabi-gcc -Os -DNDEBUG -ffunction-sections -fdata-sections -DLINUX26 -DCONFIG_BCMWL5 -DDEBUG_NOISY -DDEBUG_RCTEST -pipe -DBCMWPA2 -DBCMARM -fno-strict-aliasing -marm -DRTCONFIG_NVRAM_64K -DLINUX_KERNEL_VERSION=132644 -D_POSIX_C_SOURCE=200112L -D_XOPEN_SOURCE=600 -D_BSD_SOURCE -D_DEFAULT_SOURCE -DCHECK_FUNCTION_EXISTS=arc4random_uniform  -Wl,--gc-sections -lgcc_s -lpthread  CMakeFiles/cmTC_46b74.dir/CheckFunctionExists.c.o  -o cmTC_46b74 -Wl,-rpath,/home/id/asuswrt-merlin/release/src-rt-6.x.4708/router/openssl-1.1 /home/id/asuswrt-merlin/release/src-rt-6.x.4708/router/openssl-1.1/libssl.so /home/id/asuswrt-merlin/release/src-rt-6.x.4708/router/openssl-1.1/libcrypto.so 
CMakeFiles/cmTC_46b74.dir/CheckFunctionExists.c.o: In function `main':
CheckFunctionExists.c:(.text.main+0xc): undefined reference to `arc4random_uniform'
collect2: ld returned 1 exit status
gmake[5]: *** [CMakeFiles/cmTC_46b74.dir/build.make:89: cmTC_46b74] Error 1
gmake[5]: Leaving directory '/home/id/asuswrt-merlin/release/src/router/getdns/build/CMakeFiles/CMakeTmp'
gmake[4]: *** [Makefile:126: cmTC_46b74/fast] Error 2
gmake[4]: Leaving directory '/home/id/asuswrt-merlin/release/src/router/getdns/build/CMakeFiles/CMakeTmp'


Determining if the TCP_FASTOPEN exist failed with the following output:
Change Dir: /home/id/asuswrt-merlin/release/src/router/getdns/build/CMakeFiles/CMakeTmp

Run Build Command:"/usr/bin/gmake" "cmTC_fe34e/fast"
gmake[4]: Entering directory '/home/id/asuswrt-merlin/release/src/router/getdns/build/CMakeFiles/CMakeTmp'
/usr/bin/gmake -f CMakeFiles/cmTC_fe34e.dir/build.make CMakeFiles/cmTC_fe34e.dir/build
gmake[5]: Entering directory '/home/id/asuswrt-merlin/release/src/router/getdns/build/CMakeFiles/CMakeTmp'
Building C object CMakeFiles/cmTC_fe34e.dir/CheckSymbolExists.c.o
/opt/brcm-arm/bin/arm-brcm-linux-uclibcgnueabi-gcc  -I/home/id/asuswrt-merlin/release/src-rt-6.x.4708/router/openssl-1.1/include  -Os -DNDEBUG -ffunction-sections -fdata-sections -DLINUX26 -DCONFIG_BCMWL5 -DDEBUG_NOISY -DDEBUG_RCTEST -pipe -DBCMWPA2 -DBCMARM -fno-strict-aliasing -marm -DRTCONFIG_NVRAM_64K -DLINUX_KERNEL_VERSION=132644 -D_POSIX_C_SOURCE=200112L -D_XOPEN_SOURCE=600 -D_BSD_SOURCE -D_DEFAULT_SOURCE    -o CMakeFiles/cmTC_fe34e.dir/CheckSymbolExists.c.o   -c /home/id/asuswrt-merlin/release/src/router/getdns/build/CMakeFiles/CMakeTmp/CheckSymbolExists.c
/home/id/asuswrt-merlin/release/src/router/getdns/build/CMakeFiles/CMakeTmp/CheckSymbolExists.c: In function ‘main’:
/home/id/asuswrt-merlin/release/src/router/getdns/build/CMakeFiles/CMakeTmp/CheckSymbolExists.c:9:19: error: ‘TCP_FASTOPEN’ undeclared (first use in this function)
/home/id/asuswrt-merlin/release/src/router/getdns/build/CMakeFiles/CMakeTmp/CheckSymbolExists.c:9:19: note: each undeclared identifier is reported only once for each function it appears in
gmake[5]: *** [CMakeFiles/cmTC_fe34e.dir/build.make:66: CMakeFiles/cmTC_fe34e.dir/CheckSymbolExists.c.o] Error 1
gmake[5]: Leaving directory '/home/id/asuswrt-merlin/release/src/router/getdns/build/CMakeFiles/CMakeTmp'
gmake[4]: *** [Makefile:126: cmTC_fe34e/fast] Error 2
gmake[4]: Leaving directory '/home/id/asuswrt-merlin/release/src/router/getdns/build/CMakeFiles/CMakeTmp'

File /home/id/asuswrt-merlin/release/src/router/getdns/build/CMakeFiles/CMakeTmp/CheckSymbolExists.c:
/* */
#include <sys/socket.h>
#include <netinet/tcp.h>

int main(int argc, char** argv)
{
  (void)argv;
#ifndef TCP_FASTOPEN
  return ((int*)(&TCP_FASTOPEN))[argc];
#else
  (void)argc;
  return 0;
#endif
}

Determining if the TCP_FASTOPEN_CONNECT exist failed with the following output:
Change Dir: /home/id/asuswrt-merlin/release/src/router/getdns/build/CMakeFiles/CMakeTmp

Run Build Command:"/usr/bin/gmake" "cmTC_3d315/fast"
gmake[4]: Entering directory '/home/id/asuswrt-merlin/release/src/router/getdns/build/CMakeFiles/CMakeTmp'
/usr/bin/gmake -f CMakeFiles/cmTC_3d315.dir/build.make CMakeFiles/cmTC_3d315.dir/build
gmake[5]: Entering directory '/home/id/asuswrt-merlin/release/src/router/getdns/build/CMakeFiles/CMakeTmp'
Building C object CMakeFiles/cmTC_3d315.dir/CheckSymbolExists.c.o
/opt/brcm-arm/bin/arm-brcm-linux-uclibcgnueabi-gcc  -I/home/id/asuswrt-merlin/release/src-rt-6.x.4708/router/openssl-1.1/include  -Os -DNDEBUG -ffunction-sections -fdata-sections -DLINUX26 -DCONFIG_BCMWL5 -DDEBUG_NOISY -DDEBUG_RCTEST -pipe -DBCMWPA2 -DBCMARM -fno-strict-aliasing -marm -DRTCONFIG_NVRAM_64K -DLINUX_KERNEL_VERSION=132644 -D_POSIX_C_SOURCE=200112L -D_XOPEN_SOURCE=600 -D_BSD_SOURCE -D_DEFAULT_SOURCE    -o CMakeFiles/cmTC_3d315.dir/CheckSymbolExists.c.o   -c /home/id/asuswrt-merlin/release/src/router/getdns/build/CMakeFiles/CMakeTmp/CheckSymbolExists.c
/home/id/asuswrt-merlin/release/src/router/getdns/build/CMakeFiles/CMakeTmp/CheckSymbolExists.c: In function ‘main’:
/home/id/asuswrt-merlin/release/src/router/getdns/build/CMakeFiles/CMakeTmp/CheckSymbolExists.c:9:19: error: ‘TCP_FASTOPEN_CONNECT’ undeclared (first use in this function)
/home/id/asuswrt-merlin/release/src/router/getdns/build/CMakeFiles/CMakeTmp/CheckSymbolExists.c:9:19: note: each undeclared identifier is reported only once for each function it appears in
gmake[5]: *** [CMakeFiles/cmTC_3d315.dir/build.make:66: CMakeFiles/cmTC_3d315.dir/CheckSymbolExists.c.o] Error 1
gmake[5]: Leaving directory '/home/id/asuswrt-merlin/release/src/router/getdns/build/CMakeFiles/CMakeTmp'
gmake[4]: *** [Makefile:126: cmTC_3d315/fast] Error 2
gmake[4]: Leaving directory '/home/id/asuswrt-merlin/release/src/router/getdns/build/CMakeFiles/CMakeTmp'

File /home/id/asuswrt-merlin/release/src/router/getdns/build/CMakeFiles/CMakeTmp/CheckSymbolExists.c:
/* */
#include <sys/socket.h>
#include <netinet/tcp.h>

int main(int argc, char** argv)
{
  (void)argv;
#ifndef TCP_FASTOPEN_CONNECT
  return ((int*)(&TCP_FASTOPEN_CONNECT))[argc];
#else
  (void)argc;
  return 0;
#endif
}

Determining if the MSG_FASTOPEN exist failed with the following output:
Change Dir: /home/id/asuswrt-merlin/release/src/router/getdns/build/CMakeFiles/CMakeTmp

Run Build Command:"/usr/bin/gmake" "cmTC_9e4b2/fast"
gmake[4]: Entering directory '/home/id/asuswrt-merlin/release/src/router/getdns/build/CMakeFiles/CMakeTmp'
/usr/bin/gmake -f CMakeFiles/cmTC_9e4b2.dir/build.make CMakeFiles/cmTC_9e4b2.dir/build
gmake[5]: Entering directory '/home/id/asuswrt-merlin/release/src/router/getdns/build/CMakeFiles/CMakeTmp'
Building C object CMakeFiles/cmTC_9e4b2.dir/CheckSymbolExists.c.o
/opt/brcm-arm/bin/arm-brcm-linux-uclibcgnueabi-gcc  -I/home/id/asuswrt-merlin/release/src-rt-6.x.4708/router/openssl-1.1/include  -Os -DNDEBUG -ffunction-sections -fdata-sections -DLINUX26 -DCONFIG_BCMWL5 -DDEBUG_NOISY -DDEBUG_RCTEST -pipe -DBCMWPA2 -DBCMARM -fno-strict-aliasing -marm -DRTCONFIG_NVRAM_64K -DLINUX_KERNEL_VERSION=132644 -D_POSIX_C_SOURCE=200112L -D_XOPEN_SOURCE=600 -D_BSD_SOURCE -D_DEFAULT_SOURCE    -o CMakeFiles/cmTC_9e4b2.dir/CheckSymbolExists.c.o   -c /home/id/asuswrt-merlin/release/src/router/getdns/build/CMakeFiles/CMakeTmp/CheckSymbolExists.c
/home/id/asuswrt-merlin/release/src/router/getdns/build/CMakeFiles/CMakeTmp/CheckSymbolExists.c: In function ‘main’:
/home/id/asuswrt-merlin/release/src/router/getdns/build/CMakeFiles/CMakeTmp/CheckSymbolExists.c:9:19: error: ‘MSG_FASTOPEN’ undeclared (first use in this function)
/home/id/asuswrt-merlin/release/src/router/getdns/build/CMakeFiles/CMakeTmp/CheckSymbolExists.c:9:19: note: each undeclared identifier is reported only once for each function it appears in
gmake[5]: *** [CMakeFiles/cmTC_9e4b2.dir/build.make:66: CMakeFiles/cmTC_9e4b2.dir/CheckSymbolExists.c.o] Error 1
gmake[5]: Leaving directory '/home/id/asuswrt-merlin/release/src/router/getdns/build/CMakeFiles/CMakeTmp'
gmake[4]: *** [Makefile:126: cmTC_9e4b2/fast] Error 2
gmake[4]: Leaving directory '/home/id/asuswrt-merlin/release/src/router/getdns/build/CMakeFiles/CMakeTmp'

File /home/id/asuswrt-merlin/release/src/router/getdns/build/CMakeFiles/CMakeTmp/CheckSymbolExists.c:
/* */
#include <sys/socket.h>
#include <netinet/tcp.h>

int main(int argc, char** argv)
{
  (void)argv;
#ifndef MSG_FASTOPEN
  return ((int*)(&MSG_FASTOPEN))[argc];
#else
  (void)argc;
  return 0;
#endif
}

Determining if the include file os/log.h exists failed with the following output:
Change Dir: /home/id/asuswrt-merlin/release/src/router/getdns/build/CMakeFiles/CMakeTmp

Run Build Command:"/usr/bin/gmake" "cmTC_61f6d/fast"
gmake[4]: Entering directory '/home/id/asuswrt-merlin/release/src/router/getdns/build/CMakeFiles/CMakeTmp'
/usr/bin/gmake -f CMakeFiles/cmTC_61f6d.dir/build.make CMakeFiles/cmTC_61f6d.dir/build
gmake[5]: Entering directory '/home/id/asuswrt-merlin/release/src/router/getdns/build/CMakeFiles/CMakeTmp'
Building C object CMakeFiles/cmTC_61f6d.dir/CheckIncludeFile.c.o
/opt/brcm-arm/bin/arm-brcm-linux-uclibcgnueabi-gcc  -I/home/id/asuswrt-merlin/release/src-rt-6.x.4708/router/openssl-1.1/include  -Os -DNDEBUG -ffunction-sections -fdata-sections -DLINUX26 -DCONFIG_BCMWL5 -DDEBUG_NOISY -DDEBUG_RCTEST -pipe -DBCMWPA2 -DBCMARM -fno-strict-aliasing -marm -DRTCONFIG_NVRAM_64K -DLINUX_KERNEL_VERSION=132644 -D_POSIX_C_SOURCE=200112L -D_XOPEN_SOURCE=600 -D_BSD_SOURCE -D_DEFAULT_SOURCE    -o CMakeFiles/cmTC_61f6d.dir/CheckIncludeFile.c.o   -c /home/id/asuswrt-merlin/release/src/router/getdns/build/CMakeFiles/CMakeTmp/CheckIncludeFile.c
/home/id/asuswrt-merlin/release/src/router/getdns/build/CMakeFiles/CMakeTmp/CheckIncludeFile.c:1:20: fatal error: os/log.h: No such file or directory
compilation terminated.
gmake[5]: *** [CMakeFiles/cmTC_61f6d.dir/build.make:66: CMakeFiles/cmTC_61f6d.dir/CheckIncludeFile.c.o] Error 1
gmake[5]: Leaving directory '/home/id/asuswrt-merlin/release/src/router/getdns/build/CMakeFiles/CMakeTmp'
gmake[4]: *** [Makefile:126: cmTC_61f6d/fast] Error 2
gmake[4]: Leaving directory '/home/id/asuswrt-merlin/release/src/router/getdns/build/CMakeFiles/CMakeTmp'


